{"meta": {"format": 3, "version": "7.13.1", "timestamp": "2026-01-20T23:33:02.195885", "branch_coverage": false, "show_contexts": false}, "files": {"src/__init__.py": {"executed_lines": [], "summary": {"covered_lines": 0, "num_statements": 0, "percent_covered": 100.0, "percent_covered_display": "100.00", "missing_lines": 0, "excluded_lines": 0, "percent_statements_covered": 100.0, "percent_statements_covered_display": "100.00"}, "missing_lines": [], "excluded_lines": [], "functions": {"": {"executed_lines": [], "summary": {"covered_lines": 0, "num_statements": 0, "percent_covered": 100.0, "percent_covered_display": "100.00", "missing_lines": 0, "excluded_lines": 0, "percent_statements_covered": 100.0, "percent_statements_covered_display": "100.00"}, "missing_lines": [], "excluded_lines": [], "start_line": 1}}, "classes": {"": {"executed_lines": [], "summary": {"covered_lines": 0, "num_statements": 0, "percent_covered": 100.0, "percent_covered_display": "100.00", "missing_lines": 0, "excluded_lines": 0, "percent_statements_covered": 100.0, "percent_statements_covered_display": "100.00"}, "missing_lines": [], "excluded_lines": [], "start_line": 1}}}, "src/api/__init__.py": {"executed_lines": [4, 6], "summary": {"covered_lines": 2, "num_statements": 2, "percent_covered": 100.0, "percent_covered_display": "100.00", "missing_lines": 0, "excluded_lines": 0, "percent_statements_covered": 100.0, "percent_statements_covered_display": "100.00"}, "missing_lines": [], "excluded_lines": [], "functions": {"": {"executed_lines": [4, 6], "summary": {"covered_lines": 2, "num_statements": 2, "percent_covered": 100.0, "percent_covered_display": "100.00", "missing_lines": 0, "excluded_lines": 0, "percent_statements_covered": 100.0, "percent_statements_covered_display": "100.00"}, "missing_lines": [], "excluded_lines": [], "start_line": 1}}, "classes": {"": {"executed_lines": [4, 6], "summary": {"covered_lines": 2, "num_statements": 2, "percent_covered": 100.0, "percent_covered_display": "100.00", "missing_lines": 0, "excluded_lines": 0, "percent_statements_covered": 100.0, "percent_statements_covered_display": "100.00"}, "missing_lines": [], "excluded_lines": [], "start_line": 1}}}, "src/api/dependencies.py": {"executed_lines": [], "summary": {"covered_lines": 0, "num_statements": 10, "percent_covered": 0.0, "percent_covered_display": "0.00", "missing_lines": 10, "excluded_lines": 0, "percent_statements_covered": 0.0, "percent_statements_covered_display": "0.00"}, "missing_lines": [4, 5, 7, 8, 11, 17, 20, 24, 27, 31], "excluded_lines": [], "functions": {"get_current_session_id": {"executed_lines": [], "summary": {"covered_lines": 0, "num_statements": 1, "percent_covered": 0.0, "percent_covered_display": "0.00", "missing_lines": 1, "excluded_lines": 0, "percent_statements_covered": 0.0, "percent_statements_covered_display": "0.00"}, "missing_lines": [17], "excluded_lines": [], "start_line": 11}, "get_llm_manager_dependency": {"executed_lines": [], "summary": {"covered_lines": 0, "num_statements": 1, "percent_covered": 0.0, "percent_covered_display": "0.00", "missing_lines": 1, "excluded_lines": 0, "percent_statements_covered": 0.0, "percent_statements_covered_display": "0.00"}, "missing_lines": [24], "excluded_lines": [], "start_line": 20}, "get_retriever_dependency": {"executed_lines": [], "summary": {"covered_lines": 0, "num_statements": 1, "percent_covered": 0.0, "percent_covered_display": "0.00", "missing_lines": 1, "excluded_lines": 0, "percent_statements_covered": 0.0, "percent_statements_covered_display": "0.00"}, "missing_lines": [31], "excluded_lines": [], "start_line": 27}, "": {"executed_lines": [], "summary": {"covered_lines": 0, "num_statements": 7, "percent_covered": 0.0, "percent_covered_display": "0.00", "missing_lines": 7, "excluded_lines": 0, "percent_statements_covered": 0.0, "percent_statements_covered_display": "0.00"}, "missing_lines": [4, 5, 7, 8, 11, 20, 27], "excluded_lines": [], "start_line": 1}}, "classes": {"": {"executed_lines": [], "summary": {"covered_lines": 0, "num_statements": 10, "percent_covered": 0.0, "percent_covered_display": "0.00", "missing_lines": 10, "excluded_lines": 0, "percent_statements_covered": 0.0, "percent_statements_covered_display": "0.00"}, "missing_lines": [4, 5, 7, 8, 11, 17, 20, 24, 27, 31], "excluded_lines": [], "start_line": 1}}}, "src/api/main.py": {"executed_lines": [4, 5, 6, 7, 8, 10, 11, 12, 13, 15, 18, 19, 50, 54, 64, 73, 74, 75, 76, 79, 80, 91, 92, 96], "summary": {"covered_lines": 24, "num_statements": 45, "percent_covered": 53.333333333333336, "percent_covered_display": "53.33", "missing_lines": 21, "excluded_lines": 0, "percent_statements_covered": 53.333333333333336, "percent_statements_covered_display": "53.33"}, "missing_lines": [24, 25, 26, 29, 30, 31, 32, 33, 34, 35, 36, 38, 41, 42, 43, 44, 45, 46, 47, 81, 82], "excluded_lines": [], "functions": {"lifespan": {"executed_lines": [], "summary": {"covered_lines": 0, "num_statements": 19, "percent_covered": 0.0, "percent_covered_display": "0.00", "missing_lines": 19, "excluded_lines": 0, "percent_statements_covered": 0.0, "percent_statements_covered_display": "0.00"}, "missing_lines": [24, 25, 26, 29, 30, 31, 32, 33, 34, 35, 36, 38, 41, 42, 43, 44, 45, 46, 47], "excluded_lines": [], "start_line": 19}, "create_fastapi_app": {"executed_lines": [54, 64, 73, 74, 75, 76, 79, 80, 91, 92], "summary": {"covered_lines": 10, "num_statements": 10, "percent_covered": 100.0, "percent_covered_display": "100.00", "missing_lines": 0, "excluded_lines": 0, "percent_statements_covered": 100.0, "percent_statements_covered_display": "100.00"}, "missing_lines": [], "excluded_lines": [], "start_line": 50}, "create_fastapi_app.global_exception_handler": {"executed_lines": [], "summary": {"covered_lines": 0, "num_statements": 2, "percent_covered": 0.0, "percent_covered_display": "0.00", "missing_lines": 2, "excluded_lines": 0, "percent_statements_covered": 0.0, "percent_statements_covered_display": "0.00"}, "missing_lines": [81, 82], "excluded_lines": [], "start_line": 80}, "": {"executed_lines": [4, 5, 6, 7, 8, 10, 11, 12, 13, 15, 18, 19, 50, 96], "summary": {"covered_lines": 14, "num_statements": 14, "percent_covered": 100.0, "percent_covered_display": "100.00", "missing_lines": 0, "excluded_lines": 0, "percent_statements_covered": 100.0, "percent_statements_covered_display": "100.00"}, "missing_lines": [], "excluded_lines": [], "start_line": 1}}, "classes": {"": {"executed_lines": [4, 5, 6, 7, 8, 10, 11, 12, 13, 15, 18, 19, 50, 54, 64, 73, 74, 75, 76, 79, 80, 91, 92, 96], "summary": {"covered_lines": 24, "num_statements": 45, "percent_covered": 53.333333333333336, "percent_covered_display": "53.33", "missing_lines": 21, "excluded_lines": 0, "percent_statements_covered": 53.333333333333336, "percent_statements_covered_display": "53.33"}, "missing_lines": [24, 25, 26, 29, 30, 31, 32, 33, 34, 35, 36, 38, 41, 42, 43, 44, 45, 46, 47, 81, 82], "excluded_lines": [], "start_line": 1}}}, "src/api/middleware/__init__.py": {"executed_lines": [], "summary": {"covered_lines": 0, "num_statements": 0, "percent_covered": 100.0, "percent_covered_display": "100.00", "missing_lines": 0, "excluded_lines": 0, "percent_statements_covered": 100.0, "percent_statements_covered_display": "100.00"}, "missing_lines": [], "excluded_lines": [], "functions": {"": {"executed_lines": [], "summary": {"covered_lines": 0, "num_statements": 0, "percent_covered": 100.0, "percent_covered_display": "100.00", "missing_lines": 0, "excluded_lines": 0, "percent_statements_covered": 100.0, "percent_statements_covered_display": "100.00"}, "missing_lines": [], "excluded_lines": [], "start_line": 1}}, "classes": {"": {"executed_lines": [], "summary": {"covered_lines": 0, "num_statements": 0, "percent_covered": 100.0, "percent_covered_display": "100.00", "missing_lines": 0, "excluded_lines": 0, "percent_statements_covered": 100.0, "percent_statements_covered_display": "100.00"}, "missing_lines": [], "excluded_lines": [], "start_line": 1}}}, "src/api/routes/__init__.py": {"executed_lines": [4, 5, 6, 8], "summary": {"covered_lines": 4, "num_statements": 4, "percent_covered": 100.0, "percent_covered_display": "100.00", "missing_lines": 0, "excluded_lines": 0, "percent_statements_covered": 100.0, "percent_statements_covered_display": "100.00"}, "missing_lines": [], "excluded_lines": [], "functions": {"": {"executed_lines": [4, 5, 6, 8], "summary": {"covered_lines": 4, "num_statements": 4, "percent_covered": 100.0, "percent_covered_display": "100.00", "missing_lines": 0, "excluded_lines": 0, "percent_statements_covered": 100.0, "percent_statements_covered_display": "100.00"}, "missing_lines": [], "excluded_lines": [], "start_line": 1}}, "classes": {"": {"executed_lines": [4, 5, 6, 8], "summary": {"covered_lines": 4, "num_statements": 4, "percent_covered": 100.0, "percent_covered_display": "100.00", "missing_lines": 0, "excluded_lines": 0, "percent_statements_covered": 100.0, "percent_statements_covered_display": "100.00"}, "missing_lines": [], "excluded_lines": [], "start_line": 1}}}, "src/api/routes/chat.py": {"executed_lines": [4, 5, 7, 8, 9, 11, 12, 15, 16, 32, 33, 74, 75, 92, 93], "summary": {"covered_lines": 15, "num_statements": 49, "percent_covered": 30.612244897959183, "percent_covered_display": "30.61", "missing_lines": 34, "excluded_lines": 0, "percent_statements_covered": 30.612244897959183, "percent_statements_covered_display": "30.61"}, "missing_lines": [24, 25, 26, 27, 28, 29, 48, 49, 51, 53, 54, 55, 56, 59, 64, 65, 66, 71, 80, 81, 82, 83, 84, 85, 86, 87, 88, 89, 98, 99, 100, 101, 102, 103], "excluded_lines": [], "functions": {"chat_message": {"executed_lines": [], "summary": {"covered_lines": 0, "num_statements": 6, "percent_covered": 0.0, "percent_covered_display": "0.00", "missing_lines": 6, "excluded_lines": 0, "percent_statements_covered": 0.0, "percent_statements_covered_display": "0.00"}, "missing_lines": [24, 25, 26, 27, 28, 29], "excluded_lines": [], "start_line": 16}, "chat_stream": {"executed_lines": [], "summary": {"covered_lines": 0, "num_statements": 4, "percent_covered": 0.0, "percent_covered_display": "0.00", "missing_lines": 4, "excluded_lines": 0, "percent_statements_covered": 0.0, "percent_statements_covered_display": "0.00"}, "missing_lines": [48, 49, 51, 71], "excluded_lines": [], "start_line": 33}, "chat_stream.event_generator": {"executed_lines": [], "summary": {"covered_lines": 0, "num_statements": 8, "percent_covered": 0.0, "percent_covered_display": "0.00", "missing_lines": 8, "excluded_lines": 0, "percent_statements_covered": 0.0, "percent_statements_covered_display": "0.00"}, "missing_lines": [53, 54, 55, 56, 59, 64, 65, 66], "excluded_lines": [], "start_line": 51}, "get_history": {"executed_lines": [], "summary": {"covered_lines": 0, "num_statements": 10, "percent_covered": 0.0, "percent_covered_display": "0.00", "missing_lines": 10, "excluded_lines": 0, "percent_statements_covered": 0.0, "percent_statements_covered_display": "0.00"}, "missing_lines": [80, 81, 82, 83, 84, 85, 86, 87, 88, 89], "excluded_lines": [], "start_line": 75}, "clear_history": {"executed_lines": [], "summary": {"covered_lines": 0, "num_statements": 6, "percent_covered": 0.0, "percent_covered_display": "0.00", "missing_lines": 6, "excluded_lines": 0, "percent_statements_covered": 0.0, "percent_statements_covered_display": "0.00"}, "missing_lines": [98, 99, 100, 101, 102, 103], "excluded_lines": [], "start_line": 93}, "": {"executed_lines": [4, 5, 7, 8, 9, 11, 12, 15, 16, 32, 33, 74, 75, 92, 93], "summary": {"covered_lines": 15, "num_statements": 15, "percent_covered": 100.0, "percent_covered_display": "100.00", "missing_lines": 0, "excluded_lines": 0, "percent_statements_covered": 100.0, "percent_statements_covered_display": "100.00"}, "missing_lines": [], "excluded_lines": [], "start_line": 1}}, "classes": {"": {"executed_lines": [4, 5, 7, 8, 9, 11, 12, 15, 16, 32, 33, 74, 75, 92, 93], "summary": {"covered_lines": 15, "num_statements": 49, "percent_covered": 30.612244897959183, "percent_covered_display": "30.61", "missing_lines": 34, "excluded_lines": 0, "percent_statements_covered": 30.612244897959183, "percent_statements_covered_display": "30.61"}, "missing_lines": [24, 25, 26, 27, 28, 29, 48, 49, 51, 53, 54, 55, 56, 59, 64, 65, 66, 71, 80, 81, 82, 83, 84, 85, 86, 87, 88, 89, 98, 99, 100, 101, 102, 103], "excluded_lines": [], "start_line": 1}}}, "src/api/routes/documents.py": {"executed_lines": [4, 5, 7, 12, 14, 17, 18, 47, 48, 63, 64, 90, 91, 116, 117, 146, 147, 159, 160], "summary": {"covered_lines": 19, "num_statements": 69, "percent_covered": 27.536231884057973, "percent_covered_display": "27.54", "missing_lines": 50, "excluded_lines": 0, "percent_statements_covered": 27.536231884057973, "percent_statements_covered_display": "27.54"}, "missing_lines": [31, 32, 33, 34, 35, 36, 40, 41, 58, 59, 60, 80, 85, 86, 87, 104, 105, 107, 108, 113, 130, 131, 132, 133, 134, 135, 139, 140, 154, 155, 156, 174, 175, 178, 179, 180, 186, 187, 188, 189, 192, 195, 204, 205, 207, 208, 209, 210, 214, 215], "excluded_lines": [], "functions": {"upload_document": {"executed_lines": [], "summary": {"covered_lines": 0, "num_statements": 8, "percent_covered": 0.0, "percent_covered_display": "0.00", "missing_lines": 8, "excluded_lines": 0, "percent_statements_covered": 0.0, "percent_statements_covered_display": "0.00"}, "missing_lines": [31, 32, 33, 34, 35, 36, 40, 41], "excluded_lines": [], "start_line": 18}, "query_documents": {"executed_lines": [], "summary": {"covered_lines": 0, "num_statements": 3, "percent_covered": 0.0, "percent_covered_display": "0.00", "missing_lines": 3, "excluded_lines": 0, "percent_statements_covered": 0.0, "percent_statements_covered_display": "0.00"}, "missing_lines": [58, 59, 60], "excluded_lines": [], "start_line": 48}, "list_documents": {"executed_lines": [], "summary": {"covered_lines": 0, "num_statements": 4, "percent_covered": 0.0, "percent_covered_display": "0.00", "missing_lines": 4, "excluded_lines": 0, "percent_statements_covered": 0.0, "percent_statements_covered_display": "0.00"}, "missing_lines": [80, 85, 86, 87], "excluded_lines": [], "start_line": 64}, "get_document": {"executed_lines": [], "summary": {"covered_lines": 0, "num_statements": 5, "percent_covered": 0.0, "percent_covered_display": "0.00", "missing_lines": 5, "excluded_lines": 0, "percent_statements_covered": 0.0, "percent_statements_covered_display": "0.00"}, "missing_lines": [104, 105, 107, 108, 113], "excluded_lines": [], "start_line": 91}, "delete_document": {"executed_lines": [], "summary": {"covered_lines": 0, "num_statements": 8, "percent_covered": 0.0, "percent_covered_display": "0.00", "missing_lines": 8, "excluded_lines": 0, "percent_statements_covered": 0.0, "percent_statements_covered_display": "0.00"}, "missing_lines": [130, 131, 132, 133, 134, 135, 139, 140], "excluded_lines": [], "start_line": 117}, "get_document_stats": {"executed_lines": [], "summary": {"covered_lines": 0, "num_statements": 3, "percent_covered": 0.0, "percent_covered_display": "0.00", "missing_lines": 3, "excluded_lines": 0, "percent_statements_covered": 0.0, "percent_statements_covered_display": "0.00"}, "missing_lines": [154, 155, 156], "excluded_lines": [], "start_line": 147}, "update_document": {"executed_lines": [], "summary": {"covered_lines": 0, "num_statements": 19, "percent_covered": 0.0, "percent_covered_display": "0.00", "missing_lines": 19, "excluded_lines": 0, "percent_statements_covered": 0.0, "percent_statements_covered_display": "0.00"}, "missing_lines": [174, 175, 178, 179, 180, 186, 187, 188, 189, 192, 195, 204, 205, 207, 208, 209, 210, 214, 215], "excluded_lines": [], "start_line": 160}, "": {"executed_lines": [4, 5, 7, 12, 14, 17, 18, 47, 48, 63, 64, 90, 91, 116, 117, 146, 147, 159, 160], "summary": {"covered_lines": 19, "num_statements": 19, "percent_covered": 100.0, "percent_covered_display": "100.00", "missing_lines": 0, "excluded_lines": 0, "percent_statements_covered": 100.0, "percent_statements_covered_display": "100.00"}, "missing_lines": [], "excluded_lines": [], "start_line": 1}}, "classes": {"": {"executed_lines": [4, 5, 7, 12, 14, 17, 18, 47, 48, 63, 64, 90, 91, 116, 117, 146, 147, 159, 160], "summary": {"covered_lines": 19, "num_statements": 69, "percent_covered": 27.536231884057973, "percent_covered_display": "27.54", "missing_lines": 50, "excluded_lines": 0, "percent_statements_covered": 27.536231884057973, "percent_statements_covered_display": "27.54"}, "missing_lines": [31, 32, 33, 34, 35, 36, 40, 41, 58, 59, 60, 80, 85, 86, 87, 104, 105, 107, 108, 113, 130, 131, 132, 133, 134, 135, 139, 140, 154, 155, 156, 174, 175, 178, 179, 180, 186, 187, 188, 189, 192, 195, 204, 205, 207, 208, 209, 210, 214, 215], "excluded_lines": [], "start_line": 1}}}, "src/api/routes/health.py": {"executed_lines": [4, 5, 6, 8, 10, 11, 14, 15], "summary": {"covered_lines": 8, "num_statements": 9, "percent_covered": 88.88888888888889, "percent_covered_display": "88.89", "missing_lines": 1, "excluded_lines": 0, "percent_statements_covered": 88.88888888888889, "percent_statements_covered_display": "88.89"}, "missing_lines": [19], "excluded_lines": [], "functions": {"health_check": {"executed_lines": [], "summary": {"covered_lines": 0, "num_statements": 1, "percent_covered": 0.0, "percent_covered_display": "0.00", "missing_lines": 1, "excluded_lines": 0, "percent_statements_covered": 0.0, "percent_statements_covered_display": "0.00"}, "missing_lines": [19], "excluded_lines": [], "start_line": 15}, "": {"executed_lines": [4, 5, 6, 8, 10, 11, 14, 15], "summary": {"covered_lines": 8, "num_statements": 8, "percent_covered": 100.0, "percent_covered_display": "100.00", "missing_lines": 0, "excluded_lines": 0, "percent_statements_covered": 100.0, "percent_statements_covered_display": "100.00"}, "missing_lines": [], "excluded_lines": [], "start_line": 1}}, "classes": {"": {"executed_lines": [4, 5, 6, 8, 10, 11, 14, 15], "summary": {"covered_lines": 8, "num_statements": 9, "percent_covered": 88.88888888888889, "percent_covered_display": "88.89", "missing_lines": 1, "excluded_lines": 0, "percent_statements_covered": 88.88888888888889, "percent_statements_covered_display": "88.89"}, "missing_lines": [19], "excluded_lines": [], "start_line": 1}}}, "src/api/routes/models.py": {"executed_lines": [4, 5, 6, 8, 9, 11, 12, 15, 16, 26, 27], "summary": {"covered_lines": 11, "num_statements": 16, "percent_covered": 68.75, "percent_covered_display": "68.75", "missing_lines": 5, "excluded_lines": 0, "percent_statements_covered": 68.75, "percent_statements_covered_display": "68.75"}, "missing_lines": [20, 31, 34, 35, 37], "excluded_lines": [], "functions": {"list_models": {"executed_lines": [], "summary": {"covered_lines": 0, "num_statements": 1, "percent_covered": 0.0, "percent_covered_display": "0.00", "missing_lines": 1, "excluded_lines": 0, "percent_statements_covered": 0.0, "percent_statements_covered_display": "0.00"}, "missing_lines": [20], "excluded_lines": [], "start_line": 16}, "get_model_status": {"executed_lines": [], "summary": {"covered_lines": 0, "num_statements": 4, "percent_covered": 0.0, "percent_covered_display": "0.00", "missing_lines": 4, "excluded_lines": 0, "percent_statements_covered": 0.0, "percent_statements_covered_display": "0.00"}, "missing_lines": [31, 34, 35, 37], "excluded_lines": [], "start_line": 27}, "": {"executed_lines": [4, 5, 6, 8, 9, 11, 12, 15, 16, 26, 27], "summary": {"covered_lines": 11, "num_statements": 11, "percent_covered": 100.0, "percent_covered_display": "100.00", "missing_lines": 0, "excluded_lines": 0, "percent_statements_covered": 100.0, "percent_statements_covered_display": "100.00"}, "missing_lines": [], "excluded_lines": [], "start_line": 1}}, "classes": {"": {"executed_lines": [4, 5, 6, 8, 9, 11, 12, 15, 16, 26, 27], "summary": {"covered_lines": 11, "num_statements": 16, "percent_covered": 68.75, "percent_covered_display": "68.75", "missing_lines": 5, "excluded_lines": 0, "percent_statements_covered": 68.75, "percent_statements_covered_display": "68.75"}, "missing_lines": [20, 31, 34, 35, 37], "excluded_lines": [], "start_line": 1}}}, "src/api/schemas/__init__.py": {"executed_lines": [4, 13, 15], "summary": {"covered_lines": 3, "num_statements": 3, "percent_covered": 100.0, "percent_covered_display": "100.00", "missing_lines": 0, "excluded_lines": 0, "percent_statements_covered": 100.0, "percent_statements_covered_display": "100.00"}, "missing_lines": [], "excluded_lines": [], "functions": {"": {"executed_lines": [4, 13, 15], "summary": {"covered_lines": 3, "num_statements": 3, "percent_covered": 100.0, "percent_covered_display": "100.00", "missing_lines": 0, "excluded_lines": 0, "percent_statements_covered": 100.0, "percent_statements_covered_display": "100.00"}, "missing_lines": [], "excluded_lines": [], "start_line": 1}}, "classes": {"": {"executed_lines": [4, 13, 15], "summary": {"covered_lines": 3, "num_statements": 3, "percent_covered": 100.0, "percent_covered_display": "100.00", "missing_lines": 0, "excluded_lines": 0, "percent_statements_covered": 100.0, "percent_statements_covered_display": "100.00"}, "missing_lines": [], "excluded_lines": [], "start_line": 1}}}, "src/api/schemas/chat.py": {"executed_lines": [4, 5, 6, 11, 13, 15, 16, 17, 18, 21, 23, 25, 26, 27, 28, 29, 30, 31, 34, 38, 44, 50, 56, 60, 70, 72, 74, 75, 76, 77, 78, 79, 82, 83, 84, 87, 89, 91, 92, 93, 94, 95, 98, 99, 100, 103, 105, 107, 108, 109, 114, 116, 118, 119, 120, 121, 122, 123, 126, 128, 130, 131], "summary": {"covered_lines": 62, "num_statements": 62, "percent_covered": 100.0, "percent_covered_display": "100.00", "missing_lines": 0, "excluded_lines": 0, "percent_statements_covered": 100.0, "percent_statements_covered_display": "100.00"}, "missing_lines": [], "excluded_lines": [], "functions": {"": {"executed_lines": [4, 5, 6, 11, 13, 15, 16, 17, 18, 21, 23, 25, 26, 27, 28, 29, 30, 31, 34, 38, 44, 50, 56, 60, 70, 72, 74, 75, 76, 77, 78, 79, 82, 83, 84, 87, 89, 91, 92, 93, 94, 95, 98, 99, 100, 103, 105, 107, 108, 109, 114, 116, 118, 119, 120, 121, 122, 123, 126, 128, 130, 131], "summary": {"covered_lines": 62, "num_statements": 62, "percent_covered": 100.0, "percent_covered_display": "100.00", "missing_lines": 0, "excluded_lines": 0, "percent_statements_covered": 100.0, "percent_statements_covered_display": "100.00"}, "missing_lines": [], "excluded_lines": [], "start_line": 1}}, "classes": {"ChatMessage": {"executed_lines": [], "summary": {"covered_lines": 0, "num_statements": 0, "percent_covered": 100.0, "percent_covered_display": "100.00", "missing_lines": 0, "excluded_lines": 0, "percent_statements_covered": 100.0, "percent_statements_covered_display": "100.00"}, "missing_lines": [], "excluded_lines": [], "start_line": 11}, "ChatRequest": {"executed_lines": [], "summary": {"covered_lines": 0, "num_statements": 0, "percent_covered": 100.0, "percent_covered_display": "100.00", "missing_lines": 0, "excluded_lines": 0, "percent_statements_covered": 100.0, "percent_statements_covered_display": "100.00"}, "missing_lines": [], "excluded_lines": [], "start_line": 21}, "RetrievedContext": {"executed_lines": [], "summary": {"covered_lines": 0, "num_statements": 0, "percent_covered": 100.0, "percent_covered_display": "100.00", "missing_lines": 0, "excluded_lines": 0, "percent_statements_covered": 100.0, "percent_statements_covered_display": "100.00"}, "missing_lines": [], "excluded_lines": [], "start_line": 70}, "ChatResponse": {"executed_lines": [], "summary": {"covered_lines": 0, "num_statements": 0, "percent_covered": 100.0, "percent_covered_display": "100.00", "missing_lines": 0, "excluded_lines": 0, "percent_statements_covered": 100.0, "percent_statements_covered_display": "100.00"}, "missing_lines": [], "excluded_lines": [], "start_line": 87}, "StreamChunk": {"executed_lines": [], "summary": {"covered_lines": 0, "num_statements": 0, "percent_covered": 100.0, "percent_covered_display": "100.00", "missing_lines": 0, "excluded_lines": 0, "percent_statements_covered": 100.0, "percent_statements_covered_display": "100.00"}, "missing_lines": [], "excluded_lines": [], "start_line": 103}, "ChatHistory": {"executed_lines": [], "summary": {"covered_lines": 0, "num_statements": 0, "percent_covered": 100.0, "percent_covered_display": "100.00", "missing_lines": 0, "excluded_lines": 0, "percent_statements_covered": 100.0, "percent_statements_covered_display": "100.00"}, "missing_lines": [], "excluded_lines": [], "start_line": 114}, "HistoryListResponse": {"executed_lines": [], "summary": {"covered_lines": 0, "num_statements": 0, "percent_covered": 100.0, "percent_covered_display": "100.00", "missing_lines": 0, "excluded_lines": 0, "percent_statements_covered": 100.0, "percent_statements_covered_display": "100.00"}, "missing_lines": [], "excluded_lines": [], "start_line": 126}, "": {"executed_lines": [4, 5, 6, 11, 13, 15, 16, 17, 18, 21, 23, 25, 26, 27, 28, 29, 30, 31, 34, 38, 44, 50, 56, 60, 70, 72, 74, 75, 76, 77, 78, 79, 82, 83, 84, 87, 89, 91, 92, 93, 94, 95, 98, 99, 100, 103, 105, 107, 108, 109, 114, 116, 118, 119, 120, 121, 122, 123, 126, 128, 130, 131], "summary": {"covered_lines": 62, "num_statements": 62, "percent_covered": 100.0, "percent_covered_display": "100.00", "missing_lines": 0, "excluded_lines": 0, "percent_statements_covered": 100.0, "percent_statements_covered_display": "100.00"}, "missing_lines": [], "excluded_lines": [], "start_line": 1}}}, "src/api/schemas/common.py": {"executed_lines": [4, 5, 8, 10, 11, 12, 15, 17, 18, 19, 20], "summary": {"covered_lines": 11, "num_statements": 11, "percent_covered": 100.0, "percent_covered_display": "100.00", "missing_lines": 0, "excluded_lines": 0, "percent_statements_covered": 100.0, "percent_statements_covered_display": "100.00"}, "missing_lines": [], "excluded_lines": [], "functions": {"": {"executed_lines": [4, 5, 8, 10, 11, 12, 15, 17, 18, 19, 20], "summary": {"covered_lines": 11, "num_statements": 11, "percent_covered": 100.0, "percent_covered_display": "100.00", "missing_lines": 0, "excluded_lines": 0, "percent_statements_covered": 100.0, "percent_statements_covered_display": "100.00"}, "missing_lines": [], "excluded_lines": [], "start_line": 1}}, "classes": {"SuccessResponse": {"executed_lines": [], "summary": {"covered_lines": 0, "num_statements": 0, "percent_covered": 100.0, "percent_covered_display": "100.00", "missing_lines": 0, "excluded_lines": 0, "percent_statements_covered": 100.0, "percent_statements_covered_display": "100.00"}, "missing_lines": [], "excluded_lines": [], "start_line": 8}, "ErrorResponse": {"executed_lines": [], "summary": {"covered_lines": 0, "num_statements": 0, "percent_covered": 100.0, "percent_covered_display": "100.00", "missing_lines": 0, "excluded_lines": 0, "percent_statements_covered": 100.0, "percent_statements_covered_display": "100.00"}, "missing_lines": [], "excluded_lines": [], "start_line": 15}, "": {"executed_lines": [4, 5, 8, 10, 11, 12, 15, 17, 18, 19, 20], "summary": {"covered_lines": 11, "num_statements": 11, "percent_covered": 100.0, "percent_covered_display": "100.00", "missing_lines": 0, "excluded_lines": 0, "percent_statements_covered": 100.0, "percent_statements_covered_display": "100.00"}, "missing_lines": [], "excluded_lines": [], "start_line": 1}}}, "src/api/schemas/document.py": {"executed_lines": [4, 5, 6, 11, 13, 15, 16, 17, 18, 19, 20, 23, 25, 27, 28, 29, 30, 33, 35, 37, 38, 39, 40, 41, 46, 48, 50, 51, 52, 53, 54, 55, 56, 57, 58, 59, 60, 63, 65, 67, 68, 69, 70, 71, 72, 73, 74, 75, 76, 77, 78, 81, 83, 85, 86, 87, 88, 91, 93, 95, 96, 97, 98, 99, 102, 104, 106, 107, 108, 111, 113, 115, 116, 117, 118, 119], "summary": {"covered_lines": 76, "num_statements": 76, "percent_covered": 100.0, "percent_covered_display": "100.00", "missing_lines": 0, "excluded_lines": 0, "percent_statements_covered": 100.0, "percent_statements_covered_display": "100.00"}, "missing_lines": [], "excluded_lines": [], "functions": {"": {"executed_lines": [4, 5, 6, 11, 13, 15, 16, 17, 18, 19, 20, 23, 25, 27, 28, 29, 30, 33, 35, 37, 38, 39, 40, 41, 46, 48, 50, 51, 52, 53, 54, 55, 56, 57, 58, 59, 60, 63, 65, 67, 68, 69, 70, 71, 72, 73, 74, 75, 76, 77, 78, 81, 83, 85, 86, 87, 88, 91, 93, 95, 96, 97, 98, 99, 102, 104, 106, 107, 108, 111, 113, 115, 116, 117, 118, 119], "summary": {"covered_lines": 76, "num_statements": 76, "percent_covered": 100.0, "percent_covered_display": "100.00", "missing_lines": 0, "excluded_lines": 0, "percent_statements_covered": 100.0, "percent_statements_covered_display": "100.00"}, "missing_lines": [], "excluded_lines": [], "start_line": 1}}, "classes": {"DocumentUploadRequest": {"executed_lines": [], "summary": {"covered_lines": 0, "num_statements": 0, "percent_covered": 100.0, "percent_covered_display": "100.00", "missing_lines": 0, "excluded_lines": 0, "percent_statements_covered": 100.0, "percent_statements_covered_display": "100.00"}, "missing_lines": [], "excluded_lines": [], "start_line": 11}, "DocumentUpdateRequest": {"executed_lines": [], "summary": {"covered_lines": 0, "num_statements": 0, "percent_covered": 100.0, "percent_covered_display": "100.00", "missing_lines": 0, "excluded_lines": 0, "percent_statements_covered": 100.0, "percent_statements_covered_display": "100.00"}, "missing_lines": [], "excluded_lines": [], "start_line": 23}, "DocumentQueryRequest": {"executed_lines": [], "summary": {"covered_lines": 0, "num_statements": 0, "percent_covered": 100.0, "percent_covered_display": "100.00", "missing_lines": 0, "excluded_lines": 0, "percent_statements_covered": 100.0, "percent_statements_covered_display": "100.00"}, "missing_lines": [], "excluded_lines": [], "start_line": 33}, "DocumentMetadata": {"executed_lines": [], "summary": {"covered_lines": 0, "num_statements": 0, "percent_covered": 100.0, "percent_covered_display": "100.00", "missing_lines": 0, "excluded_lines": 0, "percent_statements_covered": 100.0, "percent_statements_covered_display": "100.00"}, "missing_lines": [], "excluded_lines": [], "start_line": 46}, "DocumentDetail": {"executed_lines": [], "summary": {"covered_lines": 0, "num_statements": 0, "percent_covered": 100.0, "percent_covered_display": "100.00", "missing_lines": 0, "excluded_lines": 0, "percent_statements_covered": 100.0, "percent_statements_covered_display": "100.00"}, "missing_lines": [], "excluded_lines": [], "start_line": 63}, "DocumentListResponse": {"executed_lines": [], "summary": {"covered_lines": 0, "num_statements": 0, "percent_covered": 100.0, "percent_covered_display": "100.00", "missing_lines": 0, "excluded_lines": 0, "percent_statements_covered": 100.0, "percent_statements_covered_display": "100.00"}, "missing_lines": [], "excluded_lines": [], "start_line": 81}, "DocumentUploadResponse": {"executed_lines": [], "summary": {"covered_lines": 0, "num_statements": 0, "percent_covered": 100.0, "percent_covered_display": "100.00", "missing_lines": 0, "excluded_lines": 0, "percent_statements_covered": 100.0, "percent_statements_covered_display": "100.00"}, "missing_lines": [], "excluded_lines": [], "start_line": 91}, "DocumentDeleteResponse": {"executed_lines": [], "summary": {"covered_lines": 0, "num_statements": 0, "percent_covered": 100.0, "percent_covered_display": "100.00", "missing_lines": 0, "excluded_lines": 0, "percent_statements_covered": 100.0, "percent_statements_covered_display": "100.00"}, "missing_lines": [], "excluded_lines": [], "start_line": 102}, "DocumentStatsResponse": {"executed_lines": [], "summary": {"covered_lines": 0, "num_statements": 0, "percent_covered": 100.0, "percent_covered_display": "100.00", "missing_lines": 0, "excluded_lines": 0, "percent_statements_covered": 100.0, "percent_statements_covered_display": "100.00"}, "missing_lines": [], "excluded_lines": [], "start_line": 111}, "": {"executed_lines": [4, 5, 6, 11, 13, 15, 16, 17, 18, 19, 20, 23, 25, 27, 28, 29, 30, 33, 35, 37, 38, 39, 40, 41, 46, 48, 50, 51, 52, 53, 54, 55, 56, 57, 58, 59, 60, 63, 65, 67, 68, 69, 70, 71, 72, 73, 74, 75, 76, 77, 78, 81, 83, 85, 86, 87, 88, 91, 93, 95, 96, 97, 98, 99, 102, 104, 106, 107, 108, 111, 113, 115, 116, 117, 118, 119], "summary": {"covered_lines": 76, "num_statements": 76, "percent_covered": 100.0, "percent_covered_display": "100.00", "missing_lines": 0, "excluded_lines": 0, "percent_statements_covered": 100.0, "percent_statements_covered_display": "100.00"}, "missing_lines": [], "excluded_lines": [], "start_line": 1}}}, "src/api/services/__init__.py": {"executed_lines": [4, 5, 7], "summary": {"covered_lines": 3, "num_statements": 3, "percent_covered": 100.0, "percent_covered_display": "100.00", "missing_lines": 0, "excluded_lines": 0, "percent_statements_covered": 100.0, "percent_statements_covered_display": "100.00"}, "missing_lines": [], "excluded_lines": [], "functions": {"": {"executed_lines": [4, 5, 7], "summary": {"covered_lines": 3, "num_statements": 3, "percent_covered": 100.0, "percent_covered_display": "100.00", "missing_lines": 0, "excluded_lines": 0, "percent_statements_covered": 100.0, "percent_statements_covered_display": "100.00"}, "missing_lines": [], "excluded_lines": [], "start_line": 1}}, "classes": {"": {"executed_lines": [4, 5, 7], "summary": {"covered_lines": 3, "num_statements": 3, "percent_covered": 100.0, "percent_covered_display": "100.00", "missing_lines": 0, "excluded_lines": 0, "percent_statements_covered": 100.0, "percent_statements_covered_display": "100.00"}, "missing_lines": [], "excluded_lines": [], "start_line": 1}}}, "src/api/services/chat_service.py": {"executed_lines": [5, 6, 7, 8, 9, 11, 12, 13, 14, 15, 16, 17, 18, 22, 24, 27, 30, 39, 40, 43, 44, 47, 48, 62, 65, 66, 78, 79, 80, 82, 84, 167, 313, 340, 342, 345, 346, 347, 349, 350, 351, 353, 354, 358, 364, 365, 366, 368, 371, 372, 374, 379, 381, 384, 386, 387, 388, 390, 391, 394, 400, 401, 407, 428, 453, 458, 460, 461, 462, 464, 487, 514, 518, 522, 530, 531, 533, 535, 536, 538, 539, 540, 545, 547, 550, 555, 556, 560, 563], "summary": {"covered_lines": 89, "num_statements": 184, "percent_covered": 48.369565217391305, "percent_covered_display": "48.37", "missing_lines": 95, "excluded_lines": 0, "percent_statements_covered": 48.369565217391305, "percent_statements_covered_display": "48.37"}, "missing_lines": [50, 51, 57, 58, 59, 63, 73, 74, 75, 86, 89, 90, 93, 94, 96, 97, 102, 112, 113, 114, 118, 120, 123, 124, 127, 133, 134, 136, 142, 145, 149, 155, 157, 181, 182, 184, 186, 187, 190, 199, 200, 202, 203, 208, 218, 219, 220, 224, 227, 242, 245, 246, 249, 255, 256, 258, 259, 261, 266, 267, 270, 277, 280, 284, 290, 292, 303, 304, 305, 355, 356, 432, 433, 435, 470, 471, 473, 478, 493, 496, 502, 503, 504, 510, 512, 516, 520, 543, 544, 551, 552, 553, 566, 567, 568], "excluded_lines": [], "functions": {"ChatService.__init__": {"executed_lines": [39, 40, 43, 44, 47, 48, 62, 65, 66, 78, 79, 80, 82], "summary": {"covered_lines": 13, "num_statements": 22, "percent_covered": 59.09090909090909, "percent_covered_display": "59.09", "missing_lines": 9, "excluded_lines": 0, "percent_statements_covered": 59.09090909090909, "percent_statements_covered_display": "59.09"}, "missing_lines": [50, 51, 57, 58, 59, 63, 73, 74, 75], "excluded_lines": [], "start_line": 30}, "ChatService.chat": {"executed_lines": [], "summary": {"covered_lines": 0, "num_statements": 24, "percent_covered": 0.0, "percent_covered_display": "0.00", "missing_lines": 24, "excluded_lines": 0, "percent_statements_covered": 0.0, "percent_statements_covered_display": "0.00"}, "missing_lines": [86, 89, 90, 93, 94, 96, 97, 102, 112, 113, 114, 118, 120, 123, 124, 127, 133, 134, 136, 142, 145, 149, 155, 157], "excluded_lines": [], "start_line": 84}, "ChatService.chat_stream": {"executed_lines": [], "summary": {"covered_lines": 0, "num_statements": 36, "percent_covered": 0.0, "percent_covered_display": "0.00", "missing_lines": 36, "excluded_lines": 0, "percent_statements_covered": 0.0, "percent_statements_covered_display": "0.00"}, "missing_lines": [181, 182, 184, 186, 187, 190, 199, 200, 202, 203, 208, 218, 219, 220, 224, 227, 242, 245, 246, 249, 255, 256, 258, 259, 261, 266, 267, 270, 277, 280, 284, 290, 292, 303, 304, 305], "excluded_lines": [], "start_line": 167}, "ChatService._retrieve_contexts": {"executed_lines": [340, 342, 345, 346, 347, 349, 350, 351, 353, 354, 358, 364, 365, 366, 368, 371, 372, 374, 379, 381, 384, 386, 387, 388, 390, 391, 394, 400, 401, 407, 428, 453, 458, 460, 461, 462], "summary": {"covered_lines": 36, "num_statements": 41, "percent_covered": 87.8048780487805, "percent_covered_display": "87.80", "missing_lines": 5, "excluded_lines": 0, "percent_statements_covered": 87.8048780487805, "percent_statements_covered_display": "87.80"}, "missing_lines": [355, 356, 432, 433, 435], "excluded_lines": [], "start_line": 313}, "ChatService._build_rag_prompt": {"executed_lines": [], "summary": {"covered_lines": 0, "num_statements": 4, "percent_covered": 0.0, "percent_covered_display": "0.00", "missing_lines": 4, "excluded_lines": 0, "percent_statements_covered": 0.0, "percent_statements_covered_display": "0.00"}, "missing_lines": [470, 471, 473, 478], "excluded_lines": [], "start_line": 464}, "ChatService._build_chat_messages": {"executed_lines": [], "summary": {"covered_lines": 0, "num_statements": 7, "percent_covered": 0.0, "percent_covered_display": "0.00", "missing_lines": 7, "excluded_lines": 0, "percent_statements_covered": 0.0, "percent_statements_covered_display": "0.00"}, "missing_lines": [493, 496, 502, 503, 504, 510, 512], "excluded_lines": [], "start_line": 487}, "ChatService.get_history": {"executed_lines": [], "summary": {"covered_lines": 0, "num_statements": 1, "percent_covered": 0.0, "percent_covered_display": "0.00", "missing_lines": 1, "excluded_lines": 0, "percent_statements_covered": 0.0, "percent_statements_covered_display": "0.00"}, "missing_lines": [516], "excluded_lines": [], "start_line": 514}, "ChatService.clear_history": {"executed_lines": [], "summary": {"covered_lines": 0, "num_statements": 1, "percent_covered": 0.0, "percent_covered_display": "0.00", "missing_lines": 1, "excluded_lines": 0, "percent_statements_covered": 0.0, "percent_statements_covered_display": "0.00"}, "missing_lines": [520], "excluded_lines": [], "start_line": 518}, "ChatService._get_rerank_cache_key": {"executed_lines": [530, 531], "summary": {"covered_lines": 2, "num_statements": 2, "percent_covered": 100.0, "percent_covered_display": "100.00", "missing_lines": 0, "excluded_lines": 0, "percent_statements_covered": 100.0, "percent_statements_covered_display": "100.00"}, "missing_lines": [], "excluded_lines": [], "start_line": 522}, "ChatService._get_from_rerank_cache": {"executed_lines": [535, 536, 538, 539, 540, 545], "summary": {"covered_lines": 6, "num_statements": 8, "percent_covered": 75.0, "percent_covered_display": "75.00", "missing_lines": 2, "excluded_lines": 0, "percent_statements_covered": 75.0, "percent_statements_covered_display": "75.00"}, "missing_lines": [543, 544], "excluded_lines": [], "start_line": 533}, "ChatService._add_to_rerank_cache": {"executed_lines": [550, 555, 556], "summary": {"covered_lines": 3, "num_statements": 6, "percent_covered": 50.0, "percent_covered_display": "50.00", "missing_lines": 3, "excluded_lines": 0, "percent_statements_covered": 50.0, "percent_statements_covered_display": "50.00"}, "missing_lines": [551, 552, 553], "excluded_lines": [], "start_line": 547}, "get_chat_service": {"executed_lines": [], "summary": {"covered_lines": 0, "num_statements": 3, "percent_covered": 0.0, "percent_covered_display": "0.00", "missing_lines": 3, "excluded_lines": 0, "percent_statements_covered": 0.0, "percent_statements_covered_display": "0.00"}, "missing_lines": [566, 567, 568], "excluded_lines": [], "start_line": 563}, "": {"executed_lines": [5, 6, 7, 8, 9, 11, 12, 13, 14, 15, 16, 17, 18, 22, 24, 27, 30, 84, 167, 313, 464, 487, 514, 518, 522, 533, 547, 560, 563], "summary": {"covered_lines": 29, "num_statements": 29, "percent_covered": 100.0, "percent_covered_display": "100.00", "missing_lines": 0, "excluded_lines": 0, "percent_statements_covered": 100.0, "percent_statements_covered_display": "100.00"}, "missing_lines": [], "excluded_lines": [], "start_line": 1}}, "classes": {"ChatService": {"executed_lines": [39, 40, 43, 44, 47, 48, 62, 65, 66, 78, 79, 80, 82, 340, 342, 345, 346, 347, 349, 350, 351, 353, 354, 358, 364, 365, 366, 368, 371, 372, 374, 379, 381, 384, 386, 387, 388, 390, 391, 394, 400, 401, 407, 428, 453, 458, 460, 461, 462, 530, 531, 535, 536, 538, 539, 540, 545, 550, 555, 556], "summary": {"covered_lines": 60, "num_statements": 152, "percent_covered": 39.473684210526315, "percent_covered_display": "39.47", "missing_lines": 92, "excluded_lines": 0, "percent_statements_covered": 39.473684210526315, "percent_statements_covered_display": "39.47"}, "missing_lines": [50, 51, 57, 58, 59, 63, 73, 74, 75, 86, 89, 90, 93, 94, 96, 97, 102, 112, 113, 114, 118, 120, 123, 124, 127, 133, 134, 136, 142, 145, 149, 155, 157, 181, 182, 184, 186, 187, 190, 199, 200, 202, 203, 208, 218, 219, 220, 224, 227, 242, 245, 246, 249, 255, 256, 258, 259, 261, 266, 267, 270, 277, 280, 284, 290, 292, 303, 304, 305, 355, 356, 432, 433, 435, 470, 471, 473, 478, 493, 496, 502, 503, 504, 510, 512, 516, 520, 543, 544, 551, 552, 553], "excluded_lines": [], "start_line": 27}, "": {"executed_lines": [5, 6, 7, 8, 9, 11, 12, 13, 14, 15, 16, 17, 18, 22, 24, 27, 30, 84, 167, 313, 464, 487, 514, 518, 522, 533, 547, 560, 563], "summary": {"covered_lines": 29, "num_statements": 32, "percent_covered": 90.625, "percent_covered_display": "90.62", "missing_lines": 3, "excluded_lines": 0, "percent_statements_covered": 90.625, "percent_statements_covered_display": "90.62"}, "missing_lines": [566, 567, 568], "excluded_lines": [], "start_line": 1}}}, "src/api/services/document_service.py": {"executed_lines": [4, 5, 6, 7, 8, 10, 11, 12, 13, 19, 22, 25, 49, 75, 183, 310, 381, 429, 522, 525], "summary": {"covered_lines": 20, "num_statements": 183, "percent_covered": 10.92896174863388, "percent_covered_display": "10.93", "missing_lines": 163, "excluded_lines": 0, "percent_statements_covered": 10.92896174863388, "percent_statements_covered_display": "10.93"}, "missing_lines": [37, 40, 41, 42, 45, 47, 66, 68, 71, 72, 73, 92, 95, 102, 103, 104, 106, 109, 113, 116, 131, 132, 140, 142, 143, 144, 147, 148, 151, 152, 155, 160, 167, 169, 170, 171, 173, 175, 196, 198, 201, 206, 211, 212, 220, 222, 223, 224, 226, 229, 231, 232, 235, 236, 239, 240, 241, 242, 243, 246, 247, 248, 249, 251, 254, 255, 256, 257, 258, 259, 262, 263, 266, 284, 285, 287, 290, 292, 294, 301, 302, 303, 320, 322, 323, 328, 333, 334, 335, 337, 338, 339, 342, 345, 348, 349, 350, 351, 352, 353, 356, 357, 359, 377, 378, 379, 394, 396, 397, 402, 406, 407, 409, 410, 413, 415, 417, 423, 424, 425, 426, 427, 436, 438, 439, 444, 449, 450, 458, 459, 462, 463, 464, 465, 467, 468, 469, 471, 472, 473, 475, 476, 478, 479, 480, 481, 483, 484, 485, 486, 487, 490, 491, 492, 497, 499, 503, 511, 512, 513, 541, 542, 544], "excluded_lines": [], "functions": {"DocumentService.__init__": {"executed_lines": [], "summary": {"covered_lines": 0, "num_statements": 6, "percent_covered": 0.0, "percent_covered_display": "0.00", "missing_lines": 6, "excluded_lines": 0, "percent_statements_covered": 0.0, "percent_statements_covered_display": "0.00"}, "missing_lines": [37, 40, 41, 42, 45, 47], "excluded_lines": [], "start_line": 25}, "DocumentService._generate_document_id": {"executed_lines": [], "summary": {"covered_lines": 0, "num_statements": 5, "percent_covered": 0.0, "percent_covered_display": "0.00", "missing_lines": 5, "excluded_lines": 0, "percent_statements_covered": 0.0, "percent_statements_covered_display": "0.00"}, "missing_lines": [66, 68, 71, 72, 73], "excluded_lines": [], "start_line": 49}, "DocumentService.upload_document": {"executed_lines": [], "summary": {"covered_lines": 0, "num_statements": 27, "percent_covered": 0.0, "percent_covered_display": "0.00", "missing_lines": 27, "excluded_lines": 0, "percent_statements_covered": 0.0, "percent_statements_covered_display": "0.00"}, "missing_lines": [92, 95, 102, 103, 104, 106, 109, 113, 116, 131, 132, 140, 142, 143, 144, 147, 148, 151, 152, 155, 160, 167, 169, 170, 171, 173, 175], "excluded_lines": [], "start_line": 75}, "DocumentService.get_document_list": {"executed_lines": [], "summary": {"covered_lines": 0, "num_statements": 44, "percent_covered": 0.0, "percent_covered_display": "0.00", "missing_lines": 44, "excluded_lines": 0, "percent_statements_covered": 0.0, "percent_statements_covered_display": "0.00"}, "missing_lines": [196, 198, 201, 206, 211, 212, 220, 222, 223, 224, 226, 229, 231, 232, 235, 236, 239, 240, 241, 242, 243, 246, 247, 248, 249, 251, 254, 255, 256, 257, 258, 259, 262, 263, 266, 284, 285, 287, 290, 292, 294, 301, 302, 303], "excluded_lines": [], "start_line": 183}, "DocumentService.get_document_by_id": {"executed_lines": [], "summary": {"covered_lines": 0, "num_statements": 24, "percent_covered": 0.0, "percent_covered_display": "0.00", "missing_lines": 24, "excluded_lines": 0, "percent_statements_covered": 0.0, "percent_statements_covered_display": "0.00"}, "missing_lines": [320, 322, 323, 328, 333, 334, 335, 337, 338, 339, 342, 345, 348, 349, 350, 351, 352, 353, 356, 357, 359, 377, 378, 379], "excluded_lines": [], "start_line": 310}, "DocumentService.delete_document": {"executed_lines": [], "summary": {"covered_lines": 0, "num_statements": 16, "percent_covered": 0.0, "percent_covered_display": "0.00", "missing_lines": 16, "excluded_lines": 0, "percent_statements_covered": 0.0, "percent_statements_covered_display": "0.00"}, "missing_lines": [394, 396, 397, 402, 406, 407, 409, 410, 413, 415, 417, 423, 424, 425, 426, 427], "excluded_lines": [], "start_line": 381}, "DocumentService.get_document_stats": {"executed_lines": [], "summary": {"covered_lines": 0, "num_statements": 38, "percent_covered": 0.0, "percent_covered_display": "0.00", "missing_lines": 38, "excluded_lines": 0, "percent_statements_covered": 0.0, "percent_statements_covered_display": "0.00"}, "missing_lines": [436, 438, 439, 444, 449, 450, 458, 459, 462, 463, 464, 465, 467, 468, 469, 471, 472, 473, 475, 476, 478, 479, 480, 481, 483, 484, 485, 486, 487, 490, 491, 492, 497, 499, 503, 511, 512, 513], "excluded_lines": [], "start_line": 429}, "get_document_service": {"executed_lines": [], "summary": {"covered_lines": 0, "num_statements": 3, "percent_covered": 0.0, "percent_covered_display": "0.00", "missing_lines": 3, "excluded_lines": 0, "percent_statements_covered": 0.0, "percent_statements_covered_display": "0.00"}, "missing_lines": [541, 542, 544], "excluded_lines": [], "start_line": 525}, "": {"executed_lines": [4, 5, 6, 7, 8, 10, 11, 12, 13, 19, 22, 25, 49, 75, 183, 310, 381, 429, 522, 525], "summary": {"covered_lines": 20, "num_statements": 20, "percent_covered": 100.0, "percent_covered_display": "100.00", "missing_lines": 0, "excluded_lines": 0, "percent_statements_covered": 100.0, "percent_statements_covered_display": "100.00"}, "missing_lines": [], "excluded_lines": [], "start_line": 1}}, "classes": {"DocumentService": {"executed_lines": [], "summary": {"covered_lines": 0, "num_statements": 160, "percent_covered": 0.0, "percent_covered_display": "0.00", "missing_lines": 160, "excluded_lines": 0, "percent_statements_covered": 0.0, "percent_statements_covered_display": "0.00"}, "missing_lines": [37, 40, 41, 42, 45, 47, 66, 68, 71, 72, 73, 92, 95, 102, 103, 104, 106, 109, 113, 116, 131, 132, 140, 142, 143, 144, 147, 148, 151, 152, 155, 160, 167, 169, 170, 171, 173, 175, 196, 198, 201, 206, 211, 212, 220, 222, 223, 224, 226, 229, 231, 232, 235, 236, 239, 240, 241, 242, 243, 246, 247, 248, 249, 251, 254, 255, 256, 257, 258, 259, 262, 263, 266, 284, 285, 287, 290, 292, 294, 301, 302, 303, 320, 322, 323, 328, 333, 334, 335, 337, 338, 339, 342, 345, 348, 349, 350, 351, 352, 353, 356, 357, 359, 377, 378, 379, 394, 396, 397, 402, 406, 407, 409, 410, 413, 415, 417, 423, 424, 425, 426, 427, 436, 438, 439, 444, 449, 450, 458, 459, 462, 463, 464, 465, 467, 468, 469, 471, 472, 473, 475, 476, 478, 479, 480, 481, 483, 484, 485, 486, 487, 490, 491, 492, 497, 499, 503, 511, 512, 513], "excluded_lines": [], "start_line": 22}, "": {"executed_lines": [4, 5, 6, 7, 8, 10, 11, 12, 13, 19, 22, 25, 49, 75, 183, 310, 381, 429, 522, 525], "summary": {"covered_lines": 20, "num_statements": 23, "percent_covered": 86.95652173913044, "percent_covered_display": "86.96", "missing_lines": 3, "excluded_lines": 0, "percent_statements_covered": 86.95652173913044, "percent_statements_covered_display": "86.96"}, "missing_lines": [541, 542, 544], "excluded_lines": [], "start_line": 1}}}, "src/api/services/session_manager.py": {"executed_lines": [6, 7, 8, 9, 10, 12, 14, 17, 20, 26, 27, 29, 30, 33, 34, 36, 38, 60, 68, 88, 104, 124, 143, 167, 171, 189, 198, 201, 204, 205, 206, 211], "summary": {"covered_lines": 32, "num_statements": 100, "percent_covered": 32.0, "percent_covered_display": "32.00", "missing_lines": 68, "excluded_lines": 0, "percent_statements_covered": 32.0, "percent_statements_covered_display": "32.00"}, "missing_lines": [44, 45, 46, 49, 50, 51, 54, 55, 56, 58, 65, 66, 74, 75, 76, 77, 80, 81, 82, 83, 84, 86, 91, 92, 93, 94, 97, 98, 99, 100, 102, 109, 111, 112, 120, 122, 130, 131, 134, 136, 137, 139, 140, 141, 148, 149, 151, 152, 153, 155, 156, 159, 160, 161, 163, 164, 165, 169, 173, 174, 179, 180, 181, 182, 184, 185, 187, 191], "excluded_lines": [], "functions": {"SessionManager.__init__": {"executed_lines": [26, 27, 29, 30, 33, 34, 36], "summary": {"covered_lines": 7, "num_statements": 7, "percent_covered": 100.0, "percent_covered_display": "100.00", "missing_lines": 0, "excluded_lines": 0, "percent_statements_covered": 100.0, "percent_statements_covered_display": "100.00"}, "missing_lines": [], "excluded_lines": [], "start_line": 20}, "SessionManager.add_message": {"executed_lines": [], "summary": {"covered_lines": 0, "num_statements": 10, "percent_covered": 0.0, "percent_covered_display": "0.00", "missing_lines": 10, "excluded_lines": 0, "percent_statements_covered": 0.0, "percent_statements_covered_display": "0.00"}, "missing_lines": [44, 45, 46, 49, 50, 51, 54, 55, 56, 58], "excluded_lines": [], "start_line": 38}, "SessionManager.get_messages": {"executed_lines": [], "summary": {"covered_lines": 0, "num_statements": 2, "percent_covered": 0.0, "percent_covered_display": "0.00", "missing_lines": 2, "excluded_lines": 0, "percent_statements_covered": 0.0, "percent_statements_covered_display": "0.00"}, "missing_lines": [65, 66], "excluded_lines": [], "start_line": 60}, "SessionManager.get_history": {"executed_lines": [], "summary": {"covered_lines": 0, "num_statements": 10, "percent_covered": 0.0, "percent_covered_display": "0.00", "missing_lines": 10, "excluded_lines": 0, "percent_statements_covered": 0.0, "percent_statements_covered_display": "0.00"}, "missing_lines": [74, 75, 76, 77, 80, 81, 82, 83, 84, 86], "excluded_lines": [], "start_line": 68}, "SessionManager.clear_history": {"executed_lines": [], "summary": {"covered_lines": 0, "num_statements": 9, "percent_covered": 0.0, "percent_covered_display": "0.00", "missing_lines": 9, "excluded_lines": 0, "percent_statements_covered": 0.0, "percent_statements_covered_display": "0.00"}, "missing_lines": [91, 92, 93, 94, 97, 98, 99, 100, 102], "excluded_lines": [], "start_line": 88}, "SessionManager._get_or_create_history": {"executed_lines": [], "summary": {"covered_lines": 0, "num_statements": 5, "percent_covered": 0.0, "percent_covered_display": "0.00", "missing_lines": 5, "excluded_lines": 0, "percent_statements_covered": 0.0, "percent_statements_covered_display": "0.00"}, "missing_lines": [109, 111, 112, 120, 122], "excluded_lines": [], "start_line": 104}, "SessionManager._persist_history": {"executed_lines": [], "summary": {"covered_lines": 0, "num_statements": 8, "percent_covered": 0.0, "percent_covered_display": "0.00", "missing_lines": 8, "excluded_lines": 0, "percent_statements_covered": 0.0, "percent_statements_covered_display": "0.00"}, "missing_lines": [130, 131, 134, 136, 137, 139, 140, 141], "excluded_lines": [], "start_line": 124}, "SessionManager._load_history": {"executed_lines": [], "summary": {"covered_lines": 0, "num_statements": 13, "percent_covered": 0.0, "percent_covered_display": "0.00", "missing_lines": 13, "excluded_lines": 0, "percent_statements_covered": 0.0, "percent_statements_covered_display": "0.00"}, "missing_lines": [148, 149, 151, 152, 153, 155, 156, 159, 160, 161, 163, 164, 165], "excluded_lines": [], "start_line": 143}, "SessionManager._get_file_path": {"executed_lines": [], "summary": {"covered_lines": 0, "num_statements": 1, "percent_covered": 0.0, "percent_covered_display": "0.00", "missing_lines": 1, "excluded_lines": 0, "percent_statements_covered": 0.0, "percent_statements_covered_display": "0.00"}, "missing_lines": [169], "excluded_lines": [], "start_line": 167}, "SessionManager.cleanup_expired_cache": {"executed_lines": [], "summary": {"covered_lines": 0, "num_statements": 9, "percent_covered": 0.0, "percent_covered_display": "0.00", "missing_lines": 9, "excluded_lines": 0, "percent_statements_covered": 0.0, "percent_statements_covered_display": "0.00"}, "missing_lines": [173, 174, 179, 180, 181, 182, 184, 185, 187], "excluded_lines": [], "start_line": 171}, "SessionManager.get_cache_stats": {"executed_lines": [], "summary": {"covered_lines": 0, "num_statements": 1, "percent_covered": 0.0, "percent_covered_display": "0.00", "missing_lines": 1, "excluded_lines": 0, "percent_statements_covered": 0.0, "percent_statements_covered_display": "0.00"}, "missing_lines": [191], "excluded_lines": [], "start_line": 189}, "get_session_manager": {"executed_lines": [204, 205, 206, 211], "summary": {"covered_lines": 4, "num_statements": 4, "percent_covered": 100.0, "percent_covered_display": "100.00", "missing_lines": 0, "excluded_lines": 0, "percent_statements_covered": 100.0, "percent_statements_covered_display": "100.00"}, "missing_lines": [], "excluded_lines": [], "start_line": 201}, "": {"executed_lines": [6, 7, 8, 9, 10, 12, 14, 17, 20, 38, 60, 68, 88, 104, 124, 143, 167, 171, 189, 198, 201], "summary": {"covered_lines": 21, "num_statements": 21, "percent_covered": 100.0, "percent_covered_display": "100.00", "missing_lines": 0, "excluded_lines": 0, "percent_statements_covered": 100.0, "percent_statements_covered_display": "100.00"}, "missing_lines": [], "excluded_lines": [], "start_line": 1}}, "classes": {"SessionManager": {"executed_lines": [26, 27, 29, 30, 33, 34, 36], "summary": {"covered_lines": 7, "num_statements": 75, "percent_covered": 9.333333333333334, "percent_covered_display": "9.33", "missing_lines": 68, "excluded_lines": 0, "percent_statements_covered": 9.333333333333334, "percent_statements_covered_display": "9.33"}, "missing_lines": [44, 45, 46, 49, 50, 51, 54, 55, 56, 58, 65, 66, 74, 75, 76, 77, 80, 81, 82, 83, 84, 86, 91, 92, 93, 94, 97, 98, 99, 100, 102, 109, 111, 112, 120, 122, 130, 131, 134, 136, 137, 139, 140, 141, 148, 149, 151, 152, 153, 155, 156, 159, 160, 161, 163, 164, 165, 169, 173, 174, 179, 180, 181, 182, 184, 185, 187, 191], "excluded_lines": [], "start_line": 17}, "": {"executed_lines": [6, 7, 8, 9, 10, 12, 14, 17, 20, 38, 60, 68, 88, 104, 124, 143, 167, 171, 189, 198, 201, 204, 205, 206, 211], "summary": {"covered_lines": 25, "num_statements": 25, "percent_covered": 100.0, "percent_covered_display": "100.00", "missing_lines": 0, "excluded_lines": 0, "percent_statements_covered": 100.0, "percent_statements_covered_display": "100.00"}, "missing_lines": [], "excluded_lines": [], "start_line": 1}}}, "src/auth/__init__.py": {"executed_lines": [], "summary": {"covered_lines": 0, "num_statements": 0, "percent_covered": 100.0, "percent_covered_display": "100.00", "missing_lines": 0, "excluded_lines": 0, "percent_statements_covered": 100.0, "percent_statements_covered_display": "100.00"}, "missing_lines": [], "excluded_lines": [], "functions": {"": {"executed_lines": [], "summary": {"covered_lines": 0, "num_statements": 0, "percent_covered": 100.0, "percent_covered_display": "100.00", "missing_lines": 0, "excluded_lines": 0, "percent_statements_covered": 100.0, "percent_statements_covered_display": "100.00"}, "missing_lines": [], "excluded_lines": [], "start_line": 1}}, "classes": {"": {"executed_lines": [], "summary": {"covered_lines": 0, "num_statements": 0, "percent_covered": 100.0, "percent_covered_display": "100.00", "missing_lines": 0, "excluded_lines": 0, "percent_statements_covered": 100.0, "percent_statements_covered_display": "100.00"}, "missing_lines": [], "excluded_lines": [], "start_line": 1}}}, "src/config.py": {"executed_lines": [6, 7, 8, 11, 14, 22, 23, 24, 25, 26, 27, 28, 31, 32, 35, 39, 43, 47, 53, 57, 61, 65, 69, 73, 79, 83, 87, 91, 95, 101, 105, 109, 113, 119, 123, 130, 134], "summary": {"covered_lines": 37, "num_statements": 37, "percent_covered": 100.0, "percent_covered_display": "100.00", "missing_lines": 0, "excluded_lines": 0, "percent_statements_covered": 100.0, "percent_statements_covered_display": "100.00"}, "missing_lines": [], "excluded_lines": [], "functions": {"": {"executed_lines": [6, 7, 8, 11, 14, 22, 23, 24, 25, 26, 27, 28, 31, 32, 35, 39, 43, 47, 53, 57, 61, 65, 69, 73, 79, 83, 87, 91, 95, 101, 105, 109, 113, 119, 123, 130, 134], "summary": {"covered_lines": 37, "num_statements": 37, "percent_covered": 100.0, "percent_covered_display": "100.00", "missing_lines": 0, "excluded_lines": 0, "percent_statements_covered": 100.0, "percent_statements_covered_display": "100.00"}, "missing_lines": [], "excluded_lines": [], "start_line": 1}}, "classes": {"Settings": {"executed_lines": [], "summary": {"covered_lines": 0, "num_statements": 0, "percent_covered": 100.0, "percent_covered_display": "100.00", "missing_lines": 0, "excluded_lines": 0, "percent_statements_covered": 100.0, "percent_statements_covered_display": "100.00"}, "missing_lines": [], "excluded_lines": [], "start_line": 11}, "": {"executed_lines": [6, 7, 8, 11, 14, 22, 23, 24, 25, 26, 27, 28, 31, 32, 35, 39, 43, 47, 53, 57, 61, 65, 69, 73, 79, 83, 87, 91, 95, 101, 105, 109, 113, 119, 123, 130, 134], "summary": {"covered_lines": 37, "num_statements": 37, "percent_covered": 100.0, "percent_covered_display": "100.00", "missing_lines": 0, "excluded_lines": 0, "percent_statements_covered": 100.0, "percent_statements_covered_display": "100.00"}, "missing_lines": [], "excluded_lines": [], "start_line": 1}}}, "src/constants.py": {"executed_lines": [7, 8, 11, 12, 15, 22, 29, 30, 31, 34, 45, 46, 49, 50, 51, 54, 55], "summary": {"covered_lines": 17, "num_statements": 17, "percent_covered": 100.0, "percent_covered_display": "100.00", "missing_lines": 0, "excluded_lines": 0, "percent_statements_covered": 100.0, "percent_statements_covered_display": "100.00"}, "missing_lines": [], "excluded_lines": [], "functions": {"": {"executed_lines": [7, 8, 11, 12, 15, 22, 29, 30, 31, 34, 45, 46, 49, 50, 51, 54, 55], "summary": {"covered_lines": 17, "num_statements": 17, "percent_covered": 100.0, "percent_covered_display": "100.00", "missing_lines": 0, "excluded_lines": 0, "percent_statements_covered": 100.0, "percent_statements_covered_display": "100.00"}, "missing_lines": [], "excluded_lines": [], "start_line": 1}}, "classes": {"": {"executed_lines": [7, 8, 11, 12, 15, 22, 29, 30, 31, 34, 45, 46, 49, 50, 51, 54, 55], "summary": {"covered_lines": 17, "num_statements": 17, "percent_covered": 100.0, "percent_covered_display": "100.00", "missing_lines": 0, "excluded_lines": 0, "percent_statements_covered": 100.0, "percent_statements_covered_display": "100.00"}, "missing_lines": [], "excluded_lines": [], "start_line": 1}}}, "src/core/__init__.py": {"executed_lines": [], "summary": {"covered_lines": 0, "num_statements": 0, "percent_covered": 100.0, "percent_covered_display": "100.00", "missing_lines": 0, "excluded_lines": 0, "percent_statements_covered": 100.0, "percent_statements_covered_display": "100.00"}, "missing_lines": [], "excluded_lines": [], "functions": {"": {"executed_lines": [], "summary": {"covered_lines": 0, "num_statements": 0, "percent_covered": 100.0, "percent_covered_display": "100.00", "missing_lines": 0, "excluded_lines": 0, "percent_statements_covered": 100.0, "percent_statements_covered_display": "100.00"}, "missing_lines": [], "excluded_lines": [], "start_line": 1}}, "classes": {"": {"executed_lines": [], "summary": {"covered_lines": 0, "num_statements": 0, "percent_covered": 100.0, "percent_covered_display": "100.00", "missing_lines": 0, "excluded_lines": 0, "percent_statements_covered": 100.0, "percent_statements_covered_display": "100.00"}, "missing_lines": [], "excluded_lines": [], "start_line": 1}}}, "src/core/embedding/__init__.py": {"executed_lines": [], "summary": {"covered_lines": 0, "num_statements": 0, "percent_covered": 100.0, "percent_covered_display": "100.00", "missing_lines": 0, "excluded_lines": 0, "percent_statements_covered": 100.0, "percent_statements_covered_display": "100.00"}, "missing_lines": [], "excluded_lines": [], "functions": {"": {"executed_lines": [], "summary": {"covered_lines": 0, "num_statements": 0, "percent_covered": 100.0, "percent_covered_display": "100.00", "missing_lines": 0, "excluded_lines": 0, "percent_statements_covered": 100.0, "percent_statements_covered_display": "100.00"}, "missing_lines": [], "excluded_lines": [], "start_line": 1}}, "classes": {"": {"executed_lines": [], "summary": {"covered_lines": 0, "num_statements": 0, "percent_covered": 100.0, "percent_covered_display": "100.00", "missing_lines": 0, "excluded_lines": 0, "percent_statements_covered": 100.0, "percent_statements_covered_display": "100.00"}, "missing_lines": [], "excluded_lines": [], "start_line": 1}}}, "src/core/generator/__init__.py": {"executed_lines": [], "summary": {"covered_lines": 0, "num_statements": 0, "percent_covered": 100.0, "percent_covered_display": "100.00", "missing_lines": 0, "excluded_lines": 0, "percent_statements_covered": 100.0, "percent_statements_covered_display": "100.00"}, "missing_lines": [], "excluded_lines": [], "functions": {"": {"executed_lines": [], "summary": {"covered_lines": 0, "num_statements": 0, "percent_covered": 100.0, "percent_covered_display": "100.00", "missing_lines": 0, "excluded_lines": 0, "percent_statements_covered": 100.0, "percent_statements_covered_display": "100.00"}, "missing_lines": [], "excluded_lines": [], "start_line": 1}}, "classes": {"": {"executed_lines": [], "summary": {"covered_lines": 0, "num_statements": 0, "percent_covered": 100.0, "percent_covered_display": "100.00", "missing_lines": 0, "excluded_lines": 0, "percent_statements_covered": 100.0, "percent_statements_covered_display": "100.00"}, "missing_lines": [], "excluded_lines": [], "start_line": 1}}}, "src/core/llm/__init__.py": {"executed_lines": [6, 16, 21, 27, 33], "summary": {"covered_lines": 5, "num_statements": 5, "percent_covered": 100.0, "percent_covered_display": "100.00", "missing_lines": 0, "excluded_lines": 0, "percent_statements_covered": 100.0, "percent_statements_covered_display": "100.00"}, "missing_lines": [], "excluded_lines": [], "functions": {"": {"executed_lines": [6, 16, 21, 27, 33], "summary": {"covered_lines": 5, "num_statements": 5, "percent_covered": 100.0, "percent_covered_display": "100.00", "missing_lines": 0, "excluded_lines": 0, "percent_statements_covered": 100.0, "percent_statements_covered_display": "100.00"}, "missing_lines": [], "excluded_lines": [], "start_line": 1}}, "classes": {"": {"executed_lines": [6, 16, 21, 27, 33], "summary": {"covered_lines": 5, "num_statements": 5, "percent_covered": 100.0, "percent_covered_display": "100.00", "missing_lines": 0, "excluded_lines": 0, "percent_statements_covered": 100.0, "percent_statements_covered_display": "100.00"}, "missing_lines": [], "excluded_lines": [], "start_line": 1}}}, "src/core/llm/base.py": {"executed_lines": [6, 7, 8, 9, 12, 14, 15, 18, 19, 21, 22, 25, 26, 28, 29, 30, 31, 32, 33, 34, 37, 38, 40, 41, 44, 45, 47, 48, 49, 50, 51, 52, 53, 54, 57, 63, 71, 72, 74, 75, 100, 101, 126, 127, 150, 151, 174, 175, 184, 185, 195, 201, 209, 210, 212, 213, 225, 226, 238, 239, 248, 249], "summary": {"covered_lines": 62, "num_statements": 72, "percent_covered": 86.11111111111111, "percent_covered_display": "86.11", "missing_lines": 10, "excluded_lines": 0, "percent_statements_covered": 86.11111111111111, "percent_statements_covered_display": "86.11"}, "missing_lines": [98, 124, 148, 172, 182, 192, 223, 236, 246, 256], "excluded_lines": [], "functions": {"BaseLLM.__init__": {"executed_lines": [71, 72], "summary": {"covered_lines": 2, "num_statements": 2, "percent_covered": 100.0, "percent_covered_display": "100.00", "missing_lines": 0, "excluded_lines": 0, "percent_statements_covered": 100.0, "percent_statements_covered_display": "100.00"}, "missing_lines": [], "excluded_lines": [], "start_line": 63}, "BaseLLM.generate": {"executed_lines": [], "summary": {"covered_lines": 0, "num_statements": 1, "percent_covered": 0.0, "percent_covered_display": "0.00", "missing_lines": 1, "excluded_lines": 0, "percent_statements_covered": 0.0, "percent_statements_covered_display": "0.00"}, "missing_lines": [98], "excluded_lines": [], "start_line": 75}, "BaseLLM.generate_stream": {"executed_lines": [], "summary": {"covered_lines": 0, "num_statements": 1, "percent_covered": 0.0, "percent_covered_display": "0.00", "missing_lines": 1, "excluded_lines": 0, "percent_statements_covered": 0.0, "percent_statements_covered_display": "0.00"}, "missing_lines": [124], "excluded_lines": [], "start_line": 101}, "BaseLLM.chat": {"executed_lines": [], "summary": {"covered_lines": 0, "num_statements": 1, "percent_covered": 0.0, "percent_covered_display": "0.00", "missing_lines": 1, "excluded_lines": 0, "percent_statements_covered": 0.0, "percent_statements_covered_display": "0.00"}, "missing_lines": [148], "excluded_lines": [], "start_line": 127}, "BaseLLM.chat_stream": {"executed_lines": [], "summary": {"covered_lines": 0, "num_statements": 1, "percent_covered": 0.0, "percent_covered_display": "0.00", "missing_lines": 1, "excluded_lines": 0, "percent_statements_covered": 0.0, "percent_statements_covered_display": "0.00"}, "missing_lines": [172], "excluded_lines": [], "start_line": 151}, "BaseLLM.health_check": {"executed_lines": [], "summary": {"covered_lines": 0, "num_statements": 1, "percent_covered": 0.0, "percent_covered_display": "0.00", "missing_lines": 1, "excluded_lines": 0, "percent_statements_covered": 0.0, "percent_statements_covered_display": "0.00"}, "missing_lines": [182], "excluded_lines": [], "start_line": 175}, "BaseLLM.get_model_info": {"executed_lines": [], "summary": {"covered_lines": 0, "num_statements": 1, "percent_covered": 0.0, "percent_covered_display": "0.00", "missing_lines": 1, "excluded_lines": 0, "percent_statements_covered": 0.0, "percent_statements_covered_display": "0.00"}, "missing_lines": [192], "excluded_lines": [], "start_line": 185}, "BaseEmbedding.__init__": {"executed_lines": [209, 210], "summary": {"covered_lines": 2, "num_statements": 2, "percent_covered": 100.0, "percent_covered_display": "100.00", "missing_lines": 0, "excluded_lines": 0, "percent_statements_covered": 100.0, "percent_statements_covered_display": "100.00"}, "missing_lines": [], "excluded_lines": [], "start_line": 201}, "BaseEmbedding.embed": {"executed_lines": [], "summary": {"covered_lines": 0, "num_statements": 1, "percent_covered": 0.0, "percent_covered_display": "0.00", "missing_lines": 1, "excluded_lines": 0, "percent_statements_covered": 0.0, "percent_statements_covered_display": "0.00"}, "missing_lines": [223], "excluded_lines": [], "start_line": 213}, "BaseEmbedding.embed_batch": {"executed_lines": [], "summary": {"covered_lines": 0, "num_statements": 1, "percent_covered": 0.0, "percent_covered_display": "0.00", "missing_lines": 1, "excluded_lines": 0, "percent_statements_covered": 0.0, "percent_statements_covered_display": "0.00"}, "missing_lines": [236], "excluded_lines": [], "start_line": 226}, "BaseEmbedding.health_check": {"executed_lines": [], "summary": {"covered_lines": 0, "num_statements": 1, "percent_covered": 0.0, "percent_covered_display": "0.00", "missing_lines": 1, "excluded_lines": 0, "percent_statements_covered": 0.0, "percent_statements_covered_display": "0.00"}, "missing_lines": [246], "excluded_lines": [], "start_line": 239}, "BaseEmbedding.get_model_info": {"executed_lines": [], "summary": {"covered_lines": 0, "num_statements": 1, "percent_covered": 0.0, "percent_covered_display": "0.00", "missing_lines": 1, "excluded_lines": 0, "percent_statements_covered": 0.0, "percent_statements_covered_display": "0.00"}, "missing_lines": [256], "excluded_lines": [], "start_line": 249}, "": {"executed_lines": [6, 7, 8, 9, 12, 14, 15, 18, 19, 21, 22, 25, 26, 28, 29, 30, 31, 32, 33, 34, 37, 38, 40, 41, 44, 45, 47, 48, 49, 50, 51, 52, 53, 54, 57, 63, 74, 75, 100, 101, 126, 127, 150, 151, 174, 175, 184, 185, 195, 201, 212, 213, 225, 226, 238, 239, 248, 249], "summary": {"covered_lines": 58, "num_statements": 58, "percent_covered": 100.0, "percent_covered_display": "100.00", "missing_lines": 0, "excluded_lines": 0, "percent_statements_covered": 100.0, "percent_statements_covered_display": "100.00"}, "missing_lines": [], "excluded_lines": [], "start_line": 1}}, "classes": {"ModelType": {"executed_lines": [], "summary": {"covered_lines": 0, "num_statements": 0, "percent_covered": 100.0, "percent_covered_display": "100.00", "missing_lines": 0, "excluded_lines": 0, "percent_statements_covered": 100.0, "percent_statements_covered_display": "100.00"}, "missing_lines": [], "excluded_lines": [], "start_line": 12}, "Message": {"executed_lines": [], "summary": {"covered_lines": 0, "num_statements": 0, "percent_covered": 100.0, "percent_covered_display": "100.00", "missing_lines": 0, "excluded_lines": 0, "percent_statements_covered": 100.0, "percent_statements_covered_display": "100.00"}, "missing_lines": [], "excluded_lines": [], "start_line": 19}, "GenerateResponse": {"executed_lines": [], "summary": {"covered_lines": 0, "num_statements": 0, "percent_covered": 100.0, "percent_covered_display": "100.00", "missing_lines": 0, "excluded_lines": 0, "percent_statements_covered": 100.0, "percent_statements_covered_display": "100.00"}, "missing_lines": [], "excluded_lines": [], "start_line": 26}, "EmbeddingResponse": {"executed_lines": [], "summary": {"covered_lines": 0, "num_statements": 0, "percent_covered": 100.0, "percent_covered_display": "100.00", "missing_lines": 0, "excluded_lines": 0, "percent_statements_covered": 100.0, "percent_statements_covered_display": "100.00"}, "missing_lines": [], "excluded_lines": [], "start_line": 38}, "ModelInfo": {"executed_lines": [], "summary": {"covered_lines": 0, "num_statements": 0, "percent_covered": 100.0, "percent_covered_display": "100.00", "missing_lines": 0, "excluded_lines": 0, "percent_statements_covered": 100.0, "percent_statements_covered_display": "100.00"}, "missing_lines": [], "excluded_lines": [], "start_line": 45}, "BaseLLM": {"executed_lines": [71, 72], "summary": {"covered_lines": 2, "num_statements": 8, "percent_covered": 25.0, "percent_covered_display": "25.00", "missing_lines": 6, "excluded_lines": 0, "percent_statements_covered": 25.0, "percent_statements_covered_display": "25.00"}, "missing_lines": [98, 124, 148, 172, 182, 192], "excluded_lines": [], "start_line": 57}, "BaseEmbedding": {"executed_lines": [209, 210], "summary": {"covered_lines": 2, "num_statements": 6, "percent_covered": 33.333333333333336, "percent_covered_display": "33.33", "missing_lines": 4, "excluded_lines": 0, "percent_statements_covered": 33.333333333333336, "percent_statements_covered_display": "33.33"}, "missing_lines": [223, 236, 246, 256], "excluded_lines": [], "start_line": 195}, "": {"executed_lines": [6, 7, 8, 9, 12, 14, 15, 18, 19, 21, 22, 25, 26, 28, 29, 30, 31, 32, 33, 34, 37, 38, 40, 41, 44, 45, 47, 48, 49, 50, 51, 52, 53, 54, 57, 63, 74, 75, 100, 101, 126, 127, 150, 151, 174, 175, 184, 185, 195, 201, 212, 213, 225, 226, 238, 239, 248, 249], "summary": {"covered_lines": 58, "num_statements": 58, "percent_covered": 100.0, "percent_covered_display": "100.00", "missing_lines": 0, "excluded_lines": 0, "percent_statements_covered": 100.0, "percent_statements_covered_display": "100.00"}, "missing_lines": [], "excluded_lines": [], "start_line": 1}}}, "src/core/llm/health.py": {"executed_lines": [6, 7, 8, 9, 11, 13, 14, 16, 19, 20, 22, 23, 24, 25, 26, 29, 35, 39, 106, 163, 219, 246, 267, 270], "summary": {"covered_lines": 24, "num_statements": 92, "percent_covered": 26.08695652173913, "percent_covered_display": "26.09", "missing_lines": 68, "excluded_lines": 0, "percent_statements_covered": 26.08695652173913, "percent_statements_covered_display": "26.09"}, "missing_lines": [37, 46, 47, 49, 50, 52, 53, 56, 57, 59, 60, 61, 62, 67, 79, 87, 88, 89, 96, 97, 98, 116, 117, 118, 120, 122, 123, 124, 135, 137, 138, 146, 154, 155, 156, 173, 174, 175, 177, 179, 180, 181, 192, 193, 194, 202, 210, 211, 212, 226, 229, 230, 233, 235, 236, 239, 240, 242, 244, 256, 258, 259, 260, 261, 263, 278, 279, 280], "excluded_lines": [], "functions": {"LLMHealthChecker.__init__": {"executed_lines": [], "summary": {"covered_lines": 0, "num_statements": 1, "percent_covered": 0.0, "percent_covered_display": "0.00", "missing_lines": 1, "excluded_lines": 0, "percent_statements_covered": 0.0, "percent_statements_covered_display": "0.00"}, "missing_lines": [37], "excluded_lines": [], "start_line": 35}, "LLMHealthChecker.check_ollama_service": {"executed_lines": [], "summary": {"covered_lines": 0, "num_statements": 20, "percent_covered": 0.0, "percent_covered_display": "0.00", "missing_lines": 20, "excluded_lines": 0, "percent_statements_covered": 0.0, "percent_statements_covered_display": "0.00"}, "missing_lines": [46, 47, 49, 50, 52, 53, 56, 57, 59, 60, 61, 62, 67, 79, 87, 88, 89, 96, 97, 98], "excluded_lines": [], "start_line": 39}, "LLMHealthChecker.check_llm_model": {"executed_lines": [], "summary": {"covered_lines": 0, "num_statements": 14, "percent_covered": 0.0, "percent_covered_display": "0.00", "missing_lines": 14, "excluded_lines": 0, "percent_statements_covered": 0.0, "percent_statements_covered_display": "0.00"}, "missing_lines": [116, 117, 118, 120, 122, 123, 124, 135, 137, 138, 146, 154, 155, 156], "excluded_lines": [], "start_line": 106}, "LLMHealthChecker.check_embedding_model": {"executed_lines": [], "summary": {"covered_lines": 0, "num_statements": 14, "percent_covered": 0.0, "percent_covered_display": "0.00", "missing_lines": 14, "excluded_lines": 0, "percent_statements_covered": 0.0, "percent_statements_covered_display": "0.00"}, "missing_lines": [173, 174, 175, 177, 179, 180, 181, 192, 193, 194, 202, 210, 211, 212], "excluded_lines": [], "start_line": 163}, "LLMHealthChecker.check_all": {"executed_lines": [], "summary": {"covered_lines": 0, "num_statements": 10, "percent_covered": 0.0, "percent_covered_display": "0.00", "missing_lines": 10, "excluded_lines": 0, "percent_statements_covered": 0.0, "percent_statements_covered_display": "0.00"}, "missing_lines": [226, 229, 230, 233, 235, 236, 239, 240, 242, 244], "excluded_lines": [], "start_line": 219}, "LLMHealthChecker.get_overall_status": {"executed_lines": [], "summary": {"covered_lines": 0, "num_statements": 6, "percent_covered": 0.0, "percent_covered_display": "0.00", "missing_lines": 6, "excluded_lines": 0, "percent_statements_covered": 0.0, "percent_statements_covered_display": "0.00"}, "missing_lines": [256, 258, 259, 260, 261, 263], "excluded_lines": [], "start_line": 246}, "get_health_checker": {"executed_lines": [], "summary": {"covered_lines": 0, "num_statements": 3, "percent_covered": 0.0, "percent_covered_display": "0.00", "missing_lines": 3, "excluded_lines": 0, "percent_statements_covered": 0.0, "percent_statements_covered_display": "0.00"}, "missing_lines": [278, 279, 280], "excluded_lines": [], "start_line": 270}, "": {"executed_lines": [6, 7, 8, 9, 11, 13, 14, 16, 19, 20, 22, 23, 24, 25, 26, 29, 35, 39, 106, 163, 219, 246, 267, 270], "summary": {"covered_lines": 24, "num_statements": 24, "percent_covered": 100.0, "percent_covered_display": "100.00", "missing_lines": 0, "excluded_lines": 0, "percent_statements_covered": 100.0, "percent_statements_covered_display": "100.00"}, "missing_lines": [], "excluded_lines": [], "start_line": 1}}, "classes": {"HealthStatus": {"executed_lines": [], "summary": {"covered_lines": 0, "num_statements": 0, "percent_covered": 100.0, "percent_covered_display": "100.00", "missing_lines": 0, "excluded_lines": 0, "percent_statements_covered": 100.0, "percent_statements_covered_display": "100.00"}, "missing_lines": [], "excluded_lines": [], "start_line": 20}, "LLMHealthChecker": {"executed_lines": [], "summary": {"covered_lines": 0, "num_statements": 65, "percent_covered": 0.0, "percent_covered_display": "0.00", "missing_lines": 65, "excluded_lines": 0, "percent_statements_covered": 0.0, "percent_statements_covered_display": "0.00"}, "missing_lines": [37, 46, 47, 49, 50, 52, 53, 56, 57, 59, 60, 61, 62, 67, 79, 87, 88, 89, 96, 97, 98, 116, 117, 118, 120, 122, 123, 124, 135, 137, 138, 146, 154, 155, 156, 173, 174, 175, 177, 179, 180, 181, 192, 193, 194, 202, 210, 211, 212, 226, 229, 230, 233, 235, 236, 239, 240, 242, 244, 256, 258, 259, 260, 261, 263], "excluded_lines": [], "start_line": 29}, "": {"executed_lines": [6, 7, 8, 9, 11, 13, 14, 16, 19, 20, 22, 23, 24, 25, 26, 29, 35, 39, 106, 163, 219, 246, 267, 270], "summary": {"covered_lines": 24, "num_statements": 27, "percent_covered": 88.88888888888889, "percent_covered_display": "88.89", "missing_lines": 3, "excluded_lines": 0, "percent_statements_covered": 88.88888888888889, "percent_statements_covered_display": "88.89"}, "missing_lines": [278, 279, 280], "excluded_lines": [], "start_line": 1}}}, "src/core/llm/manager.py": {"executed_lines": [6, 7, 8, 10, 11, 12, 13, 20, 23, 25, 29, 35, 37, 38, 39, 41, 61, 64, 65, 70, 71, 72, 73, 76, 77, 84, 87, 88, 90, 92, 112, 115, 121, 122, 123, 124, 127, 128, 138, 139, 141, 143, 150, 153, 154, 155, 156, 162, 163, 164, 165, 170, 172, 179, 182, 183, 184, 185, 186, 187, 190, 191, 192, 193, 197, 199, 206, 211, 213, 214, 215, 217, 220, 221, 222, 223, 224, 229, 230, 231, 232, 233, 238, 242, 245, 253, 254, 255], "summary": {"covered_lines": 88, "num_statements": 102, "percent_covered": 86.27450980392157, "percent_covered_display": "86.27", "missing_lines": 14, "excluded_lines": 0, "percent_statements_covered": 86.27450980392157, "percent_statements_covered_display": "86.27"}, "missing_lines": [116, 135, 157, 158, 159, 166, 167, 168, 194, 195, 225, 226, 234, 235], "excluded_lines": [], "functions": {"LLMManager.__init__": {"executed_lines": [37, 38, 39], "summary": {"covered_lines": 3, "num_statements": 3, "percent_covered": 100.0, "percent_covered_display": "100.00", "missing_lines": 0, "excluded_lines": 0, "percent_statements_covered": 100.0, "percent_statements_covered_display": "100.00"}, "missing_lines": [], "excluded_lines": [], "start_line": 35}, "LLMManager.create_llm": {"executed_lines": [61, 64, 65, 70, 71, 72, 73, 76, 77, 84, 87, 88, 90], "summary": {"covered_lines": 13, "num_statements": 13, "percent_covered": 100.0, "percent_covered_display": "100.00", "missing_lines": 0, "excluded_lines": 0, "percent_statements_covered": 100.0, "percent_statements_covered_display": "100.00"}, "missing_lines": [], "excluded_lines": [], "start_line": 41}, "LLMManager.create_embedding": {"executed_lines": [112, 115, 121, 122, 123, 124, 127, 128, 138, 139, 141], "summary": {"covered_lines": 11, "num_statements": 13, "percent_covered": 84.61538461538461, "percent_covered_display": "84.62", "missing_lines": 2, "excluded_lines": 0, "percent_statements_covered": 84.61538461538461, "percent_statements_covered_display": "84.62"}, "missing_lines": [116, 135], "excluded_lines": [], "start_line": 92}, "LLMManager.health_check_all
[...]
[334, 335, 336, 338, 339, 340, 341, 343, 345, 359, 360, 362, 364, 365, 367, 369, 370, 372, 374, 375, 378, 382, 385, 387, 389, 393, 395, 396, 397, 398, 400, 402, 403, 404, 405, 406, 408, 409, 410, 411, 413], "excluded_lines": [], "start_line": 299}, "ChatPage._format_response": {"executed_lines": [], "summary": {"covered_lines": 0, "num_statements": 21, "percent_covered": 0.0, "percent_covered_display": "0.00", "missing_lines": 21, "excluded_lines": 0, "percent_statements_covered": 0.0, "percent_statements_covered_display": "0.00"}, "missing_lines": [427, 430, 431, 432, 434, 435, 436, 437, 440, 441, 442, 443, 446, 447, 448, 449, 451, 454, 455, 457, 459], "excluded_lines": [], "start_line": 416}, "ChatPage.clear_history_handler": {"executed_lines": [], "summary": {"covered_lines": 0, "num_statements": 11, "percent_covered": 0.0, "percent_covered_display": "0.00", "missing_lines": 11, "excluded_lines": 0, "percent_statements_covered": 0.0, "percent_statements_covered_display": "0.00"}, "missing_lines": [474, 475, 476, 477, 478, 479, 481, 482, 483, 484, 486], "excluded_lines": [], "start_line": 461}, "ChatPage._get_custom_css": {"executed_lines": [], "summary": {"covered_lines": 0, "num_statements": 1, "percent_covered": 0.0, "percent_covered_display": "0.00", "missing_lines": 1, "excluded_lines": 0, "percent_statements_covered": 0.0, "percent_statements_covered_display": "0.00"}, "missing_lines": [491], "excluded_lines": [], "start_line": 489}, "create_chat_page": {"executed_lines": [], "summary": {"covered_lines": 0, "num_statements": 2, "percent_covered": 0.0, "percent_covered_display": "0.00", "missing_lines": 2, "excluded_lines": 0, "percent_statements_covered": 0.0, "percent_statements_covered_display": "0.00"}, "missing_lines": [617, 618], "excluded_lines": [], "start_line": 615}, "": {"executed_lines": [], "summary": {"covered_lines": 0, "num_statements": 17, "percent_covered": 0.0, "percent_covered_display": "0.00", "missing_lines": 17, "excluded_lines": 0, "percent_statements_covered": 0.0, "percent_statements_covered_display": "0.00"}, "missing_lines": [4, 5, 6, 7, 9, 11, 14, 17, 21, 275, 299, 415, 416, 461, 488, 489, 615], "excluded_lines": [], "start_line": 1}}, "classes": {"ChatPage": {"executed_lines": [], "summary": {"covered_lines": 0, "num_statements": 118, "percent_covered": 0.0, "percent_covered_display": "0.00", "missing_lines": 118, "excluded_lines": 0, "percent_statements_covered": 0.0, "percent_statements_covered_display": "0.00"}, "missing_lines": [18, 19, 24, 28, 37, 39, 41, 42, 45, 53, 60, 61, 71, 78, 79, 89, 97, 98, 105, 114, 124, 133, 136, 142, 150, 152, 159, 160, 161, 169, 170, 177, 190, 216, 242, 250, 258, 266, 273, 290, 291, 294, 295, 297, 334, 335, 336, 338, 339, 340, 341, 343, 345, 359, 360, 362, 364, 365, 367, 369, 370, 372, 374, 375, 378, 382, 385, 387, 389, 393, 395, 396, 397, 398, 400, 402, 403, 404, 405, 406, 408, 409, 410, 411, 413, 427, 430, 431, 432, 434, 435, 436, 437, 440, 441, 442, 443, 446, 447, 448, 449, 451, 454, 455, 457, 459, 474, 475, 476, 477, 478, 479, 481, 482, 483, 484, 486, 491], "excluded_lines": [], "start_line": 14}, "": {"executed_lines": [], "summary": {"covered_lines": 0, "num_statements": 19, "percent_covered": 0.0, "percent_covered_display": "0.00", "missing_lines": 19, "excluded_lines": 0, "percent_statements_covered": 0.0, "percent_statements_covered_display": "0.00"}, "missing_lines": [4, 5, 6, 7, 9, 11, 14, 17, 21, 275, 299, 415, 416, 461, 488, 489, 615, 617, 618], "excluded_lines": [], "start_line": 1}}}, "src/ui/pages/document_page.py": {"executed_lines": [], "summary": {"covered_lines": 0, "num_statements": 129, "percent_covered": 0.0, "percent_covered_display": "0.00", "missing_lines": 129, "excluded_lines": 0, "percent_statements_covered": 0.0, "percent_statements_covered_display": "0.00"}, "missing_lines": [4, 5, 6, 7, 9, 11, 14, 18, 20, 22, 31, 35, 37, 40, 45, 46, 47, 48, 49, 50, 52, 54, 55, 56, 58, 60, 62, 68, 70, 71, 72, 73, 76, 79, 86, 88, 89, 90, 92, 94, 95, 96, 98, 100, 102, 107, 108, 109, 111, 112, 114, 115, 116, 118, 119, 120, 121, 122, 123, 126, 128, 129, 131, 133, 135, 136, 137, 139, 141, 143, 145, 146, 148, 149, 150, 151, 152, 154, 155, 156, 158, 159, 160, 161, 162, 164, 165, 166, 167, 168, 170, 172, 174, 175, 176, 178, 180, 183, 184, 186, 188, 189, 191, 192, 197, 200, 210, 211, 212, 220, 221, 223, 228, 233, 238, 240, 241, 242, 243, 247, 254, 261, 268, 282, 287, 290, 292, 293, 294], "excluded_lines": [], "functions": {"create_document_page": {"executed_lines": [], "summary": {"covered_lines": 0, "num_statements": 38, "percent_covered": 0.0, "percent_covered_display": "0.00", "missing_lines": 38, "excluded_lines": 0, "percent_statements_covered": 0.0, "percent_statements_covered_display": "0.00"}, "missing_lines": [18, 20, 31, 58, 62, 98, 102, 139, 143, 178, 183, 184, 186, 188, 189, 191, 192, 197, 200, 210, 211, 212, 220, 221, 223, 228, 233, 238, 240, 241, 242, 243, 247, 254, 261, 268, 282, 287], "excluded_lines": [], "start_line": 14}, "create_document_page.format_document_row": {"executed_lines": [], "summary": {"covered_lines": 0, "num_statements": 1, "percent_covered": 0.0, "percent_covered_display": "0.00", "missing_lines": 1, "excluded_lines": 0, "percent_statements_covered": 0.0, "percent_statements_covered_display": "0.00"}, "missing_lines": [22], "excluded_lines": [], "start_line": 20}, "create_document_page.load_documents_async": {"executed_lines": [], "summary": {"covered_lines": 0, "num_statements": 13, "percent_covered": 0.0, "percent_covered_display": "0.00", "missing_lines": 13, "excluded_lines": 0, "percent_statements_covered": 0.0, "percent_statements_covered_display": "0.00"}, "missing_lines": [35, 37, 40, 45, 46, 47, 48, 49, 50, 52, 54, 55, 56], "excluded_lines": [], "start_line": 31}, "create_document_page.load_documents": {"executed_lines": [], "summary": {"covered_lines": 0, "num_statements": 1, "percent_covered": 0.0, "percent_covered_display": "0.00", "missing_lines": 1, "excluded_lines": 0, "percent_statements_covered": 0.0, "percent_statements_covered_display": "0.00"}, "missing_lines": [60], "excluded_lines": [], "start_line": 58}, "create_document_page.upload_document_async": {"executed_lines": [], "summary": {"covered_lines": 0, "num_statements": 15, "percent_covered": 0.0, "percent_covered_display": "0.00", "missing_lines": 15, "excluded_lines": 0, "percent_statements_covered": 0.0, "percent_statements_covered_display": "0.00"}, "missing_lines": [68, 70, 71, 72, 73, 76, 79, 86, 88, 89, 90, 92, 94, 95, 96], "excluded_lines": [], "start_line": 62}, "create_document_page.upload_document": {"executed_lines": [], "summary": {"covered_lines": 0, "num_statements": 1, "percent_covered": 0.0, "percent_covered_display": "0.00", "missing_lines": 1, "excluded_lines": 0, "percent_statements_covered": 0.0, "percent_statements_covered_display": "0.00"}, "missing_lines": [100], "excluded_lines": [], "start_line": 98}, "create_document_page.delete_document_async": {"executed_lines": [], "summary": {"covered_lines": 0, "num_statements": 22, "percent_covered": 0.0, "percent_covered_display": "0.00", "missing_lines": 22, "excluded_lines": 0, "percent_statements_covered": 0.0, "percent_statements_covered_display": "0.00"}, "missing_lines": [107, 108, 109, 111, 112, 114, 115, 116, 118, 119, 120, 121, 122, 123, 126, 128, 129, 131, 133, 135, 136, 137], "excluded_lines": [], "start_line": 102}, "create_document_page.delete_document": {"executed_lines": [], "summary": {"covered_lines": 0, "num_statements": 1, "percent_covered": 0.0, "percent_covered_display": "0.00", "missing_lines": 1, "excluded_lines": 0, "percent_statements_covered": 0.0, "percent_statements_covered_display": "0.00"}, "missing_lines": [141], "excluded_lines": [], "start_line": 139}, "create_document_page.get_stats_async": {"executed_lines": [], "summary": {"covered_lines": 0, "num_statements": 25, "percent_covered": 0.0, "percent_covered_display": "0.00", "missing_lines": 25, "excluded_lines": 0, "percent_statements_covered": 0.0, "percent_statements_covered_display": "0.00"}, "missing_lines": [145, 146, 148, 149, 150, 151, 152, 154, 155, 156, 158, 159, 160, 161, 162, 164, 165, 166, 167, 168, 170, 172, 174, 175, 176], "excluded_lines": [], "start_line": 143}, "create_document_page.get_stats": {"executed_lines": [], "summary": {"covered_lines": 0, "num_statements": 1, "percent_covered": 0.0, "percent_covered_display": "0.00", "missing_lines": 1, "excluded_lines": 0, "percent_statements_covered": 0.0, "percent_statements_covered_display": "0.00"}, "missing_lines": [180], "excluded_lines": [], "start_line": 178}, "": {"executed_lines": [], "summary": {"covered_lines": 0, "num_statements": 11, "percent_covered": 0.0, "percent_covered_display": "0.00", "missing_lines": 11, "excluded_lines": 0, "percent_statements_covered": 0.0, "percent_statements_covered_display": "0.00"}, "missing_lines": [4, 5, 6, 7, 9, 11, 14, 290, 292, 293, 294], "excluded_lines": [], "start_line": 1}}, "classes": {"": {"executed_lines": [], "summary": {"covered_lines": 0, "num_statements": 129, "percent_covered": 0.0, "percent_covered_display": "0.00", "missing_lines": 129, "excluded_lines": 0, "percent_statements_covered": 0.0, "percent_statements_covered_display": "0.00"}, "missing_lines": [4, 5, 6, 7, 9, 11, 14, 18, 20, 22, 31, 35, 37, 40, 45, 46, 47, 48, 49, 50, 52, 54, 55, 56, 58, 60, 62, 68, 70, 71, 72, 73, 76, 79, 86, 88, 89, 90, 92, 94, 95, 96, 98, 100, 102, 107, 108, 109, 111, 112, 114, 115, 116, 118, 119, 120, 121, 122, 123, 126, 128, 129, 131, 133, 135, 136, 137, 139, 141, 143, 145, 146, 148, 149, 150, 151, 152, 154, 155, 156, 158, 159, 160, 161, 162, 164, 165, 166, 167, 168, 170, 172, 174, 175, 176, 178, 180, 183, 184, 186, 188, 189, 191, 192, 197, 200, 210, 211, 212, 220, 221, 223, 228, 233, 238, 240, 241, 242, 243, 247, 254, 261, 268, 282, 287, 290, 292, 293, 294], "excluded_lines": [], "start_line": 1}}}, "src/ui/utils/__init__.py": {"executed_lines": [], "summary": {"covered_lines": 0, "num_statements": 0, "percent_covered": 100.0, "percent_covered_display": "100.00", "missing_lines": 0, "excluded_lines": 0, "percent_statements_covered": 100.0, "percent_statements_covered_display": "100.00"}, "missing_lines": [], "excluded_lines": [], "functions": {"": {"executed_lines": [], "summary": {"covered_lines": 0, "num_statements": 0, "percent_covered": 100.0, "percent_covered_display": "100.00", "missing_lines": 0, "excluded_lines": 0, "percent_statements_covered": 100.0, "percent_statements_covered_display": "100.00"}, "missing_lines": [], "excluded_lines": [], "start_line": 1}}, "classes": {"": {"executed_lines": [], "summary": {"covered_lines": 0, "num_statements": 0, "percent_covered": 100.0, "percent_covered_display": "100.00", "missing_lines": 0, "excluded_lines": 0, "percent_statements_covered": 100.0, "percent_statements_covered_display": "100.00"}, "missing_lines": [], "excluded_lines": [], "start_line": 1}}}, "src/ui/utils/api_client.py": {"executed_lines": [], "summary": {"covered_lines": 0, "num_statements": 154, "percent_covered": 0.0, "percent_covered_display": "0.00", "missing_lines": 154, "excluded_lines": 0, "percent_statements_covered": 0.0, "percent_statements_covered_display": "0.00"}, "missing_lines": [4, 5, 6, 7, 9, 12, 15, 22, 23, 24, 26, 28, 30, 31, 32, 33, 34, 35, 36, 38, 75, 77, 93, 94, 95, 96, 97, 99, 100, 101, 102, 103, 104, 105, 106, 107, 109, 146, 148, 164, 165, 166, 172, 174, 175, 176, 177, 178, 181, 182, 184, 185, 186, 187, 188, 192, 193, 195, 196, 197, 201, 202, 203, 207, 208, 209, 214, 216, 218, 219, 220, 222, 223, 225, 226, 228, 229, 230, 232, 234, 236, 237, 238, 239, 240, 242, 243, 244, 246, 248, 250, 251, 252, 253, 254, 255, 257, 258, 260, 264, 287, 289, 298, 299, 300, 301, 302, 304, 305, 306, 307, 308, 309, 311, 328, 330, 334, 335, 337, 338, 339, 340, 341, 343, 344, 345, 347, 357, 359, 360, 361, 362, 363, 365, 366, 367, 368, 369, 370, 372, 379, 381, 382, 383, 384, 385, 387, 388, 389, 393, 396, 399, 400, 401], "excluded_lines": [], "functions": {"ChatAPIClient.__init__": {"executed_lines": [], "summary": {"covered_lines": 0, "num_statements": 4, "percent_covered": 0.0, "percent_covered_display": "0.00", "missing_lines": 4, "excluded_lines": 0, "percent_statements_covered": 0.0, "percent_statements_covered_display": "0.00"}, "missing_lines": [22, 23, 24, 26], "excluded_lines": [], "start_line": 15}, "ChatAPIClient.health_check": {"executed_lines": [], "summary": {"covered_lines": 0, "num_statements": 7, "percent_covered": 0.0, "percent_covered_display": "0.00", "missing_lines": 7, "excluded_lines": 0, "percent_statements_covered": 0.0, "percent_statements_covered_display": "0.00"}, "missing_lines": [30, 31, 32, 33, 34, 35, 36], "excluded_lines": [], "start_line": 28}, "ChatAPIClient.chat": {"executed_lines": [], "summary": {"covered_lines": 0, "num_statements": 16, "percent_covered": 0.0, "percent_covered_display": "0.00", "missing_lines": 16, "excluded_lines": 0, "percent_statements_covered": 0.0, "percent_statements_covered_display": "0.00"}, "missing_lines": [75, 77, 93, 94, 95, 96, 97, 99, 100, 101, 102, 103, 104, 105, 106, 107], "excluded_lines": [], "start_line": 38}, "ChatAPIClient.chat_stream": {"executed_lines": [], "summary": {"covered_lines": 0, "num_statements": 29, "percent_covered": 0.0, "percent_covered_display": "0.00", "missing_lines": 29, "excluded_lines": 0, "percent_statements_covered": 0.0, "percent_statements_covered_display": "0.00"}, "missing_lines": [146, 148, 164, 165, 166, 172, 174, 175, 176, 177, 178, 181, 182, 184, 185, 186, 187, 188, 192, 193, 195, 196, 197, 201, 202, 203, 207, 208, 209], "excluded_lines": [], "start_line": 109}, "ChatAPIClient.get_history": {"executed_lines": [], "summary": {"covered_lines": 0, "num_statements": 11, "percent_covered": 0.0, "percent_covered_display": "0.00", "missing_lines": 11, "excluded_lines": 0, "percent_statements_covered": 0.0, "percent_statements_covered_display": "0.00"}, "missing_lines": [216, 218, 219, 220, 222, 223, 225, 226, 228, 229, 230], "excluded_lines": [], "start_line": 214}, "ChatAPIClient.clear_history": {"executed_lines": [], "summary": {"covered_lines": 0, "num_statements": 9, "percent_covered": 0.0, "percent_covered_display": "0.00", "missing_lines": 9, "excluded_lines": 0, "percent_statements_covered": 0.0, "percent_statements_covered_display": "0.00"}, "missing_lines": [234, 236, 237, 238, 239, 240, 242, 243, 244], "excluded_lines": [], "start_line": 232}, "ChatAPIClient.get_models": {"executed_lines": [], "summary": {"covered_lines": 0, "num_statements": 10, "percent_covered": 0.0, "percent_covered_display": "0.00", "missing_lines": 10, "excluded_lines": 0, "percent_statements_covered": 0.0, "percent_statements_covered_display": "0.00"}, "missing_lines": [248, 250, 251, 252, 253, 254, 255, 257, 258, 260], "excluded_lines": [], "start_line": 246}, "ChatAPIClient.upload_document": {"executed_lines": [], "summary": {"covered_lines": 0, "num_statements": 13, "percent_covered": 0.0, "percent_covered_display": "0.00", "missing_lines": 13, "excluded_lines": 0, "percent_statements_covered": 0.0, "percent_statements_covered_display": "0.00"}, "missing_lines": [287, 289, 298, 299, 300, 301, 302, 304, 305, 306, 307, 308, 309], "excluded_lines": [], "start_line": 264}, "ChatAPIClient.list_documents": {"executed_lines": [], "summary": {"covered_lines": 0, "num_statements": 12, "percent_covered": 0.0, "percent_covered_display": "0.00", "missing_lines": 12, "excluded_lines": 0, "percent_statements_covered": 0.0, "percent_statements_covered_display": "0.00"}, "missing_lines": [328, 330, 334, 335, 337, 338, 339, 340, 341, 343, 344, 345], "excluded_lines": [], "start_line": 311}, "ChatAPIClient.delete_document": {"executed_lines": [], "summary": {"covered_lines": 0, "num_statements": 12, "percent_covered": 0.0, "percent_covered_display": "0.00", "missing_lines": 12, "excluded_lines": 0, "percent_statements_covered": 0.0, "percent_statements_covered_display": "0.00"}, "missing_lines": [357, 359, 360, 361, 362, 363, 365, 366, 367, 368, 369, 370], "excluded_lines": [], "start_line": 347}, "ChatAPIClient.get_document_stats": {"executed_lines": [], "summary": {"covered_lines": 0, "num_statements": 9, "percent_covered": 0.0, "percent_covered_display": "0.00", "missing_lines": 9, "excluded_lines": 0, "percent_statements_covered": 0.0, "percent_statements_covered_display": "0.00"}, "missing_lines": [379, 381, 382, 383, 384, 385, 387, 388, 389], "excluded_lines": [], "start_line": 372}, "get_api_client": {"executed_lines": [], "summary": {"covered_lines": 0, "num_statements": 3, "percent_covered": 0.0, "percent_covered_display": "0.00", "missing_lines": 3, "excluded_lines": 0, "percent_statements_covered": 0.0, "percent_statements_covered_display": "0.00"}, "missing_lines": [399, 400, 401], "excluded_lines": [], "start_line": 396}, "": {"executed_lines": [], "summary": {"covered_lines": 0, "num_statements": 19, "percent_covered": 0.0, "percent_covered_display": "0.00", "missing_lines": 19, "excluded_lines": 0, "percent_statements_covered": 0.0, "percent_statements_covered_display": "0.00"}, "missing_lines": [4, 5, 6, 7, 9, 12, 15, 28, 38, 109, 214, 232, 246, 264, 311, 347, 372, 393, 396], "excluded_lines": [], "start_line": 1}}, "classes": {"ChatAPIClient": {"executed_lines": [], "summary": {"covered_lines": 0, "num_statements": 132, "percent_covered": 0.0, "percent_covered_display": "0.00", "missing_lines": 132, "excluded_lines": 0, "percent_statements_covered": 0.0, "percent_statements_covered_display": "0.00"}, "missing_lines": [22, 23, 24, 26, 30, 31, 32, 33, 34, 35, 36, 75, 77, 93, 94, 95, 96, 97, 99, 100, 101, 102, 103, 104, 105, 106, 107, 146, 148, 164, 165, 166, 172, 174, 175, 176, 177, 178, 181, 182, 184, 185, 186, 187, 188, 192, 193, 195, 196, 197, 201, 202, 203, 207, 208, 209, 216, 218, 219, 220, 222, 223, 225, 226, 228, 229, 230, 234, 236, 237, 238, 239, 240, 242, 243, 244, 248, 250, 251, 252, 253, 254, 255, 257, 258, 260, 287, 289, 298, 299, 300, 301, 302, 304, 305, 306, 307, 308, 309, 328, 330, 334, 335, 337, 338, 339, 340, 341, 343, 344, 345, 357, 359, 360, 361, 362, 363, 365, 366, 367, 368, 369, 370, 379, 381, 382, 383, 384, 385, 387, 388, 389], "excluded_lines": [], "start_line": 12}, "": {"executed_lines": [], "summary": {"covered_lines": 0, "num_statements": 22, "percent_covered": 0.0, "percent_covered_display": "0.00", "missing_lines": 22, "excluded_lines": 0, "percent_statements_covered": 0.0, "percent_statements_covered_display": "0.00"}, "missing_lines": [4, 5, 6, 7, 9, 12, 15, 28, 38, 109, 214, 232, 246, 264, 311, 347, 372, 393, 396, 399, 400, 401], "excluded_lines": [], "start_line": 1}}}, "src/utils/__init__.py": {"executed_lines": [], "summary": {"covered_lines": 0, "num_statements": 0, "percent_covered": 100.0, "percent_covered_display": "100.00", "missing_lines": 0, "excluded_lines": 0, "percent_statements_covered": 100.0, "percent_statements_covered_display": "100.00"}, "missing_lines": [], "excluded_lines": [], "functions": {"": {"executed_lines": [], "summary": {"covered_lines": 0, "num_statements": 0, "percent_covered": 100.0, "percent_covered_display": "100.00", "missing_lines": 0, "excluded_lines": 0, "percent_statements_covered": 100.0, "percent_statements_covered_display": "100.00"}, "missing_lines": [], "excluded_lines": [], "start_line": 1}}, "classes": {"": {"executed_lines": [], "summary": {"covered_lines": 0, "num_statements": 0, "percent_covered": 100.0, "percent_covered_display": "100.00", "missing_lines": 0, "excluded_lines": 0, "percent_statements_covered": 100.0, "percent_statements_covered_display": "100.00"}, "missing_lines": [], "excluded_lines": [], "start_line": 1}}}}, "totals": {"covered_lines": 2162, "num_statements": 3569, "percent_covered": 60.57719249089381, "percent_covered_display": "60.58", "missing_lines": 1407, "excluded_lines": 0, "percent_statements_covered": 60.57719249089381, "percent_statements_covered_display": "60.58"}}